#
# A fatal error has been detected by the Java Runtime Environment:
#
#  EXCEPTION_ACCESS_VIOLATION (0xc0000005) at pc=0x00000000742c3908, pid=3364, tid=0x0000000000002948
#
# JRE version: Java(TM) SE Runtime Environment (8.0_151-b12) (build 1.8.0_151-b12)
# Java VM: Java HotSpot(TM) 64-Bit Server VM (25.151-b12 mixed mode windows-amd64 compressed oops)
# Problematic frame:
# V  [jvm.dll+0x43908]
#
# Failed to write core dump. Minidumps are not enabled by default on client versions of Windows
#
# If you would like to submit a bug report, please visit:
#   http://bugreport.java.com/bugreport/crash.jsp
#

---------------  T H R E A D  ---------------

Current thread (0x000000001744d800):  JavaThread "C1 CompilerThread2" daemon [_thread_in_vm, id=10568, stack(0x0000000019130000,0x0000000019230000)]

siginfo: ExceptionCode=0xc0000005, reading address 0xffffffffffffffff

Registers:
RAX=0x000000001744d800, RBX=0x00000000026e60a0, RCX=0x00000000026e60a0, RDX=0x00000000026e60a0
RSP=0x000000001922d370, RBP=0x00000000174477f0, RSI=0x00000000026e60a0, RDI=0x0000000000000000
R8 =0x787bb290ffff0013, R9 =0x0000000000000000, R10=0x0000000017447a20, R11=0x000000001f27bb50
R12=0x000000001744d800, R13=0x00000000174477f0, R14=0x000000001f3866a0, R15=0x00000000000000b6
RIP=0x00000000742c3908, EFLAGS=0x0000000000010202

Top of Stack: (sp=0x000000001922d370)
0x000000001922d370:   00000000000000b6 000000001922f920
0x000000001922d380:   00000000000000b6 0000000000000077
0x000000001922d390:   000000001db55fc8 000000001922f920
0x000000001922d3a0:   000000001922d480 00000000742afef5
0x000000001922d3b0:   00000000000000e8 00000000742c3c99
0x000000001922d3c0:   0000000000000077 0000000000000077
0x000000001922d3d0:   0000000000000000 0000000000000000
0x000000001922d3e0:   0000000000000000 000000001d7d1020
0x000000001922d3f0:   00000000026a1a60 00000000742c1f7b
0x000000001922d400:   0000000000000000 000000001744d800
0x000000001922d410:   000000001f387810 00000000742acf6f
0x000000001922d420:   000000001744d800 00000000742c7280
0x000000001922d430:   000000001744d800 000000001744d800
0x000000001922d440:   000000001d7d1020 00000000746a12cb
0x000000001922d450:   0000000000000000 0000000000000000
0x000000001922d460:   000000001f387810 00000000000000b7 

Instructions: (pc=0x00000000742c3908)
0x00000000742c38e8:   00 48 8b da ff 15 fe 9a 59 00 44 0f b6 05 d2 07
0x00000000742c38f8:   7b 00 4c 8b e0 45 84 c0 74 39 4c 8b 03 48 8b cb
0x00000000742c3908:   41 ff 50 08 84 c0 74 2b 83 7b 08 00 7e 25 0f b6
0x00000000742c3918:   83 0e 01 00 00 c0 e8 03 a8 01 74 17 48 8b 03 48 


Register to memory mapping:

RAX=0x000000001744d800 is a thread
RBX=0x00000000026e60a0 is an unknown value
RCX=0x00000000026e60a0 is an unknown value
RDX=0x00000000026e60a0 is an unknown value
RSP=0x000000001922d370 is pointing into the stack for thread: 0x000000001744d800
RBP=0x00000000174477f0 is an unknown value
RSI=0x00000000026e60a0 is an unknown value
RDI=0x0000000000000000 is an unknown value
R8 =0x787bb290ffff0013 is an unknown value
R9 =0x0000000000000000 is an unknown value
R10=0x0000000017447a20 is an unknown value
R11=0x000000001f27bb50 is an unknown value
R12=0x000000001744d800 is a thread
R13=0x00000000174477f0 is an unknown value
R14=0x000000001f3866a0 is an unknown value
R15=0x00000000000000b6 is an unknown value


Stack: [0x0000000019130000,0x0000000019230000],  sp=0x000000001922d370,  free space=1012k
Native frames: (J=compiled Java code, j=interpreted, Vv=VM code, C=native code)
V  [jvm.dll+0x43908]
V  [jvm.dll+0x43c99]
V  [jvm.dll+0x41f7b]
V  [jvm.dll+0x4212cb]
V  [jvm.dll+0x41c0b3]
V  [jvm.dll+0x41ef17]
V  [jvm.dll+0x41f6db]
V  [jvm.dll+0x4205d6]
V  [jvm.dll+0x420838]
V  [jvm.dll+0x420c6b]
V  [jvm.dll+0x4207c5]
V  [jvm.dll+0x41c532]
V  [jvm.dll+0x41ef17]
V  [jvm.dll+0x41f6db]
V  [jvm.dll+0x4205d6]
V  [jvm.dll+0x420838]
V  [jvm.dll+0x420c6b]
V  [jvm.dll+0x4207c5]
V  [jvm.dll+0x41c532]
V  [jvm.dll+0x41ef17]
V  [jvm.dll+0x41f80d]
V  [jvm.dll+0x4205d6]
V  [jvm.dll+0x420838]
V  [jvm.dll+0x420c6b]
V  [jvm.dll+0x4207c5]
V  [jvm.dll+0x41c532]
V  [jvm.dll+0x41ef17]
V  [jvm.dll+0x41f6db]
V  [jvm.dll+0x4205d6]
V  [jvm.dll+0x420838]
V  [jvm.dll+0x420c6b]
V  [jvm.dll+0x4207c5]
V  [jvm.dll+0x41c532]
V  [jvm.dll+0x41ef17]
V  [jvm.dll+0x41f80d]
V  [jvm.dll+0x4205d6]
V  [jvm.dll+0x420838]
V  [jvm.dll+0x420c6b]
V  [jvm.dll+0x4207c5]
V  [jvm.dll+0x41c532]
V  [jvm.dll+0x41ef17]
V  [jvm.dll+0x41f6db]
V  [jvm.dll+0x4205d6]
V  [jvm.dll+0x420838]
V  [jvm.dll+0x41c532]
V  [jvm.dll+0x41ef17]
V  [jvm.dll+0x41f6db]
V  [jvm.dll+0x4205d6]
V  [jvm.dll+0x420838]
V  [jvm.dll+0x41c532]
V  [jvm.dll+0x41ef17]
V  [jvm.dll+0x41f80d]
V  [jvm.dll+0x41fc02]
V  [jvm.dll+0x424ce5]
V  [jvm.dll+0x424df0]
V  [jvm.dll+0x40e588]
V  [jvm.dll+0x40e7f1]
V  [jvm.dll+0x40e9b2]
V  [jvm.dll+0x40eb81]
V  [jvm.dll+0x40ed8f]
V  [jvm.dll+0xa5be2]
V  [jvm.dll+0xa651f]
V  [jvm.dll+0x244adf]
V  [jvm.dll+0x29c3ea]
C  [msvcr100.dll+0x21d9f]
C  [msvcr100.dll+0x21e3b]
C  [KERNEL32.DLL+0x14034]
C  [ntdll.dll+0x73691]


Current CompileTask:
C1:  36307 6035       3       android.content.res.TypedArray::$$robo$$android_content_res_TypedArray$loadStringValueAt (51 bytes)


---------------  P R O C E S S  ---------------

Java Threads: ( => current thread )
  0x000000001a152800 JavaThread "Thread-4" [_thread_new, id=6836, stack(0x0000000000000000,0x0000000000000000)]
  0x000000001a154000 JavaThread "Thread-2" [_thread_blocked, id=3372, stack(0x0000000021960000,0x0000000021a60000)]
  0x000000001a157000 JavaThread "Thread-3" [_thread_blocked, id=10632, stack(0x0000000021860000,0x0000000021960000)]
  0x000000001a152000 JavaThread "Thread-1" [_thread_blocked, id=4964, stack(0x0000000021760000,0x0000000021860000)]
  0x000000001a153800 JavaThread "Thread-5" [_thread_blocked, id=3548, stack(0x0000000021660000,0x0000000021760000)]
  0x000000001a151000 JavaThread "Thread-6" [_thread_blocked, id=6264, stack(0x0000000021560000,0x0000000021660000)]
  0x000000001a156800 JavaThread "Thread-0" [_thread_blocked, id=9440, stack(0x0000000021460000,0x0000000021560000)]
  0x000000001a155000 JavaThread "Java2D Disposer" daemon [_thread_blocked, id=11068, stack(0x000000001c750000,0x000000001c850000)]
  0x000000001a9db000 JavaThread "SDK 28 Main Thread" [_thread_blocked, id=5512, stack(0x000000001bf10000,0x000000001c010000)]
  0x0000000018abe800 JavaThread "Service Thread" daemon [_thread_blocked, id=1368, stack(0x0000000019230000,0x0000000019330000)]
=>0x000000001744d800 JavaThread "C1 CompilerThread2" daemon [_thread_in_vm, id=10568, stack(0x0000000019130000,0x0000000019230000)]
  0x000000001742b800 JavaThread "C2 CompilerThread1" daemon [_thread_blocked, id=8896, stack(0x0000000019030000,0x0000000019130000)]
  0x0000000017428000 JavaThread "C2 CompilerThread0" daemon [_thread_blocked, id=10268, stack(0x0000000018f30000,0x0000000019030000)]
  0x0000000018a73000 JavaThread "Monitor Ctrl-Break" daemon [_thread_in_native, id=7688, stack(0x0000000018e30000,0x0000000018f30000)]
  0x00000000173f4800 JavaThread "Attach Listener" daemon [_thread_blocked, id=3500, stack(0x0000000018930000,0x0000000018a30000)]
  0x00000000173f1800 JavaThread "Signal Dispatcher" daemon [_thread_blocked, id=8568, stack(0x0000000018830000,0x0000000018930000)]
  0x00000000173de800 JavaThread "Finalizer" daemon [_thread_blocked, id=9612, stack(0x0000000018640000,0x0000000018740000)]
  0x0000000002789000 JavaThread "Reference Handler" daemon [_thread_blocked, id=9536, stack(0x0000000018540000,0x0000000018640000)]
  0x0000000002699000 JavaThread "main" [_thread_blocked, id=3908, stack(0x00000000024f0000,0x00000000025f0000)]

Other Threads:
  0x00000000173b8000 VMThread [stack: 0x0000000018440000,0x0000000018540000] [id=2392]
  0x0000000018abb800 WatcherThread [stack: 0x0000000019330000,0x0000000019430000] [id=1036]

VM state:synchronizing (normal execution)

VM Mutex/Monitor currently owned by a thread:  ([mutex/lock_event])
[0x0000000002690cd0] Threads_lock - owner thread: 0x00000000173b8000

Heap:
 PSYoungGen      total 305664K, used 241750K [0x00000000d5d00000, 0x00000000e9a80000, 0x0000000100000000)
  eden space 297984K, 78% used [0x00000000d5d00000,0x00000000e41db950,0x00000000e8000000)
  from space 7680K, 96% used [0x00000000e9300000,0x00000000e9a3a220,0x00000000e9a80000)
  to   space 11776K, 0% used [0x00000000e8380000,0x00000000e8380000,0x00000000e8f00000)
 ParOldGen       total 198656K, used 73420K [0x0000000081600000, 0x000000008d800000, 0x00000000d5d00000)
  object space 198656K, 36% used [0x0000000081600000,0x0000000085db3110,0x000000008d800000)
 Metaspace       used 57277K, capacity 65654K, committed 66000K, reserved 1105920K
  class space    used 6924K, capacity 9329K, committed 9424K, reserved 1048576K

Card table byte_map: [0x0000000011c50000,0x0000000012050000] byte_map_base: 0x0000000011845000

Marking Bits: (ParMarkBitMap*) 0x0000000074a9d850
 Begin Bits: [0x0000000012700000, 0x00000000146a8000)
 End Bits:   [0x00000000146a8000, 0x0000000016650000)

Polling page: 0x0000000000ac0000

CodeCache: size=245760Kb used=17720Kb max_used=17734Kb free=228039Kb
 bounds [0x0000000002890000, 0x0000000003a00000, 0x0000000011890000]
 total_blobs=6558 nmethods=5149 adapters=1321
 compilation: enabled

Compilation events (10 events):
Event: 36.133 Thread 0x000000001744d800 nmethod 6026 0x00000000039e3490 code [0x00000000039e39e0, 0x00000000039e6f08]
Event: 36.133 Thread 0x000000001744d800 6031       1       android.view.DisplayAdjustments::$$robo$$android_view_DisplayAdjustments$getCompatibilityInfo (5 bytes)
Event: 36.133 Thread 0x000000001744d800 nmethod 6031 0x00000000039daa50 code [0x00000000039daba0, 0x00000000039dacb0]
Event: 36.140 Thread 0x000000001744d800 6032       3       java.lang.invoke.LambdaForm$MH/1278936626::delegate (17 bytes)
Event: 36.140 Thread 0x000000001744d800 nmethod 6032 0x00000000039da210 code [0x00000000039da3a0, 0x00000000039da908]
Event: 36.150 Thread 0x000000001744d800 6033       3       sun.nio.cs.UTF_8$Encoder::isLegalReplacement (26 bytes)
Event: 36.151 Thread 0x000000001744d800 nmethod 6033 0x00000000039d9d50 code [0x00000000039d9ec0, 0x00000000039da148]
Event: 36.151 Thread 0x000000001744d800 6034       3       sun.nio.cs.UTF_8$Encoder::implReplaceWith (8 bytes)
Event: 36.151 Thread 0x000000001744d800 nmethod 6034 0x00000000039d9990 code [0x00000000039d9ae0, 0x00000000039d9c70]
Event: 36.160 Thread 0x000000001744d800 6035       3       android.content.res.TypedArray::$$robo$$android_content_res_TypedArray$loadStringValueAt (51 bytes)

GC Heap History (10 events):
Event: 29.327 GC heap before
{Heap before GC invocations=20 (full 3):
 PSYoungGen      total 224768K, used 224379K [0x00000000d5d00000, 0x00000000e4900000, 0x0000000100000000)
  eden space 217088K, 100% used [0x00000000d5d00000,0x00000000e3100000,0x00000000e3100000)
  from space 7680K, 94% used [0x00000000e4180000,0x00000000e489ef38,0x00000000e4900000)
  to   space 8704K, 0% used [0x00000000e3800000,0x00000000e3800000,0x00000000e4080000)
 ParOldGen       total 156160K, used 51168K [0x0000000081600000, 0x000000008ae80000, 0x00000000d5d00000)
  object space 156160K, 32% used [0x0000000081600000,0x00000000847f8020,0x000000008ae80000)
 Metaspace       used 45642K, capacity 51046K, committed 51152K, reserved 1093632K
  class space    used 5463K, capacity 7102K, committed 7120K, reserved 1048576K
Event: 29.343 GC heap after
Heap after GC invocations=20 (full 3):
 PSYoungGen      total 232960K, used 8688K [0x00000000d5d00000, 0x00000000e6b80000, 0x0000000100000000)
  eden space 224256K, 0% used [0x00000000d5d00000,0x00000000d5d00000,0x00000000e3800000)
  from space 8704K, 99% used [0x00000000e3800000,0x00000000e407c070,0x00000000e4080000)
  to   space 11264K, 0% used [0x00000000e6080000,0x00000000e6080000,0x00000000e6b80000)
 ParOldGen       total 156160K, used 55784K [0x0000000081600000, 0x000000008ae80000, 0x00000000d5d00000)
  object space 156160K, 35% used [0x0000000081600000,0x0000000084c7a020,0x000000008ae80000)
 Metaspace       used 45642K, capacity 51046K, committed 51152K, reserved 1093632K
  class space    used 5463K, capacity 7102K, committed 7120K, reserved 1048576K
}
Event: 31.787 GC heap before
{Heap before GC invocations=21 (full 3):
 PSYoungGen      total 232960K, used 232944K [0x00000000d5d00000, 0x00000000e6b80000, 0x0000000100000000)
  eden space 224256K, 100% used [0x00000000d5d00000,0x00000000e3800000,0x00000000e3800000)
  from space 8704K, 99% used [0x00000000e3800000,0x00000000e407c070,0x00000000e4080000)
  to   space 11264K, 0% used [0x00000000e6080000,0x00000000e6080000,0x00000000e6b80000)
 ParOldGen       total 156160K, used 55784K [0x0000000081600000, 0x000000008ae80000, 0x00000000d5d00000)
  object space 156160K, 35% used [0x0000000081600000,0x0000000084c7a020,0x000000008ae80000)
 Metaspace       used 51172K, capacity 57396K, committed 57680K, reserved 1099776K
  class space    used 6050K, capacity 7955K, committed 8016K, reserved 1048576K
Event: 31.841 GC heap after
Heap after GC invocations=21 (full 3):
 PSYoungGen      total 265728K, used 6586K [0x00000000d5d00000, 0x00000000e7b80000, 0x0000000100000000)
  eden space 254464K, 0% used [0x00000000d5d00000,0x00000000d5d00000,0x00000000e5580000)
  from space 11264K, 58% used [0x00000000e6080000,0x00000000e66ee8f8,0x00000000e6b80000)
  to   space 11264K, 0% used [0x00000000e5580000,0x00000000e5580000,0x00000000e6080000)
 ParOldGen       total 156160K, used 63991K [0x0000000081600000, 0x000000008ae80000, 0x00000000d5d00000)
  object space 156160K, 40% used [0x0000000081600000,0x000000008547dec8,0x000000008ae80000)
 Metaspace       used 51172K, capacity 57396K, committed 57680K, reserved 1099776K
  class space    used 6050K, capacity 7955K, committed 8016K, reserved 1048576K
}
Event: 34.533 GC heap before
{Heap before GC invocations=22 (full 3):
 PSYoungGen      total 265728K, used 186849K [0x00000000d5d00000, 0x00000000e7b80000, 0x0000000100000000)
  eden space 254464K, 70% used [0x00000000d5d00000,0x00000000e0d09b60,0x00000000e5580000)
  from space 11264K, 58% used [0x00000000e6080000,0x00000000e66ee8f8,0x00000000e6b80000)
  to   space 11264K, 0% used [0x00000000e5580000,0x00000000e5580000,0x00000000e6080000)
 ParOldGen       total 156160K, used 63991K [0x0000000081600000, 0x000000008ae80000, 0x00000000d5d00000)
  object space 156160K, 40% used [0x0000000081600000,0x000000008547dec8,0x000000008ae80000)
 Metaspace       used 56464K, capacity 64078K, committed 64136K, reserved 1103872K
  class space    used 6852K, capacity 9157K, committed 9168K, reserved 1048576K
Event: 34.556 GC heap after
Heap after GC invocations=22 (full 3):
 PSYoungGen      total 265728K, used 8408K [0x00000000d5d00000, 0x00000000e9e80000, 0x0000000100000000)
  eden space 254464K, 0% used [0x00000000d5d00000,0x00000000d5d00000,0x00000000e5580000)
  from space 11264K, 74% used [0x00000000e5580000,0x00000000e5db6208,0x00000000e6080000)
  to   space 11776K, 0% used [0x00000000e9300000,0x00000000e9300000,0x00000000e9e80000)
 ParOldGen       total 156160K, used 68245K [0x0000000081600000, 0x000000008ae80000, 0x00000000d5d00000)
  object space 156160K, 43% used [0x0000000081600000,0x00000000858a5598,0x000000008ae80000)
 Metaspace       used 56464K, capacity 64078K, committed 64136K, reserved 1103872K
  class space    used 6852K, capacity 9157K, committed 9168K, reserved 1048576K
}
Event: 34.556 GC heap before
{Heap before GC invocations=23 (full 4):
 PSYoungGen      total 265728K, used 8408K [0x00000000d5d00000, 0x00000000e9e80000, 0x0000000100000000)
  eden space 254464K, 0% used [0x00000000d5d00000,0x00000000d5d00000,0x00000000e5580000)
  from space 11264K, 74% used [0x00000000e5580000,0x00000000e5db6208,0x00000000e6080000)
  to   space 11776K, 0% used [0x00000000e9300000,0x00000000e9300000,0x00000000e9e80000)
 ParOldGen       total 156160K, used 68245K [0x0000000081600000, 0x000000008ae80000, 0x00000000d5d00000)
  object space 156160K, 43% used [0x0000000081600000,0x00000000858a5598,0x000000008ae80000)
 Metaspace       used 56464K, capacity 64078K, committed 64136K, reserved 1103872K
  class space    used 6852K, capacity 9157K, committed 9168K, reserved 1048576K
Event: 34.788 GC heap after
Heap after GC invocations=23 (full 4):
 PSYoungGen      total 265728K, used 0K [0x00000000d5d00000, 0x00000000e9e80000, 0x0000000100000000)
  eden space 254464K, 0% used [0x00000000d5d00000,0x00000000d5d00000,0x00000000e5580000)
  from space 11264K, 0% used [0x00000000e5580000,0x00000000e5580000,0x00000000e6080000)
  to   space 11776K, 0% used [0x00000000e9300000,0x00000000e9300000,0x00000000e9e80000)
 ParOldGen       total 198656K, used 73412K [0x0000000081600000, 0x000000008d800000, 0x00000000d5d00000)
  object space 198656K, 36% used [0x0000000081600000,0x0000000085db1110,0x000000008d800000)
 Metaspace       used 55923K, capacity 63290K, committed 64136K, reserved 1103872K
  class space    used 6822K, capacity 9054K, committed 9168K, reserved 1048576K
}
Event: 35.707 GC heap before
{Heap before GC invocations=24 (full 4):
 PSYoungGen      total 265728K, used 254464K [0x00000000d5d00000, 0x00000000e9e80000, 0x0000000100000000)
  eden space 254464K, 100% used [0x00000000d5d00000,0x00000000e5580000,0x00000000e5580000)
  from space 11264K, 0% used [0x00000000e5580000,0x00000000e5580000,0x00000000e6080000)
  to   space 11776K, 0% used [0x00000000e9300000,0x00000000e9300000,0x00000000e9e80000)
 ParOldGen       total 198656K, used 73412K [0x0000000081600000, 0x000000008d800000, 0x00000000d5d00000)
  object space 198656K, 36% used [0x0000000081600000,0x0000000085db1110,0x000000008d800000)
 Metaspace       used 56920K, capacity 65106K, committed 65360K, reserved 1105920K
  class space    used 6900K, capacity 9275K, committed 9296K, reserved 1048576K
Event: 35.716 GC heap after
Heap after GC invocations=24 (full 4):
 PSYoungGen      total 305664K, used 7400K [0x00000000d5d00000, 0x00000000e9a80000, 0x0000000100000000)
  eden space 297984K, 0% used [0x00000000d5d00000,0x00000000d5d00000,0x00000000e8000000)
  from space 7680K, 96% used [0x00000000e9300000,0x00000000e9a3a220,0x00000000e9a80000)
  to   space 11776K, 0% used [0x00000000e8380000,0x00000000e8380000,0x00000000e8f00000)
 ParOldGen       total 198656K, used 73420K [0x0000000081600000, 0x000000008d800000, 0x00000000d5d00000)
  object space 198656K, 36% used [0x0000000081600000,0x0000000085db3110,0x000000008d800000)
 Metaspace       used 56920K, capacity 65106K, committed 65360K, reserved 1105920K
  class space    used 6900K, capacity 9275K, committed 9296K, reserved 1048576K
}

Deoptimization events (10 events):
Event: 34.407 Thread 0x000000001a9db000 Uncommon trap: reason=unstable_if action=reinterpret pc=0x0000000003670188 method=sun.invoke.util.VerifyAccess.isClassAccessible(Ljava/lang/Class;Ljava/lang/Class;I)Z @ 42
Event: 34.407 Thread 0x000000001a9db000 Uncommon trap: reason=unstable_if action=reinterpret pc=0x000000000322a348 method=jdk.internal.org.objectweb.asm.ClassWriter.newMethodItem(Ljava/lang/String;Ljava/lang/String;Ljava/lang/String;Z)Ljdk/internal/org/objectweb/asm/Item; @ 2
Event: 34.486 Thread 0x0000000002699000 Uncommon trap: reason=bimorphic action=maybe_recompile pc=0x0000000003556ad4 method=java.util.regex.Pattern$Curly.match0(Ljava/util/regex/Matcher;IILjava/lang/CharSequence;)Z @ 77
Event: 34.486 Thread 0x0000000002699000 Uncommon trap: reason=bimorphic action=maybe_recompile pc=0x0000000003556ad4 method=java.util.regex.Pattern$Curly.match0(Ljava/util/regex/Matcher;IILjava/lang/CharSequence;)Z @ 77
Event: 34.487 Thread 0x0000000002699000 Uncommon trap: reason=class_check action=maybe_recompile pc=0x00000000031acb8c method=com.google.common.collect.ImmutableSet$RegularSetBuilderImpl.add(Ljava/lang/Object;)Lcom/google/common/collect/ImmutableSet$SetBuilderImpl; @ 6
Event: 34.487 Thread 0x0000000002699000 Uncommon trap: reason=class_check action=maybe_recompile pc=0x00000000031acb8c method=com.google.common.collect.ImmutableSet$RegularSetBuilderImpl.add(Ljava/lang/Object;)Lcom/google/common/collect/ImmutableSet$SetBuilderImpl; @ 6
Event: 34.487 Thread 0x0000000002699000 Uncommon trap: reason=class_check action=maybe_recompile pc=0x00000000031acb8c method=com.google.common.collect.ImmutableSet$RegularSetBuilderImpl.add(Ljava/lang/Object;)Lcom/google/common/collect/ImmutableSet$SetBuilderImpl; @ 6
Event: 34.487 Thread 0x0000000002699000 Uncommon trap: reason=class_check action=maybe_recompile pc=0x00000000031acb8c method=com.google.common.collect.ImmutableSet$RegularSetBuilderImpl.add(Ljava/lang/Object;)Lcom/google/common/collect/ImmutableSet$SetBuilderImpl; @ 6
Event: 34.488 Thread 0x0000000002699000 Uncommon trap: reason=unstable_if action=reinterpret pc=0x00000000030b3498 method=org.robolectric.internal.bytecode.MethodRef.equals(Ljava/lang/Object;)Z @ 2
Event: 35.428 Thread 0x000000001a9db000 Uncommon trap: reason=unstable_if action=reinterpret pc=0x00000000031611a0 method=com.google.common.base.Objects.equal(Ljava/lang/Object;Ljava/lang/Object;)Z @ 2

Internal exceptions (10 events):
Event: 28.742 Thread 0x000000001a9db000 Exception <a 'java/io/FileNotFoundException'> (0x00000000e1524718) thrown at [C:\re\workspace\8-2-build-windows-amd64-cygwin\jdk8u151\9699\hotspot\src\share\vm\prims\jni.cpp, line 709]
Event: 29.063 Thread 0x000000001a9db000 Implicit null exception at 0x0000000002b21c95 to 0x0000000002b21e65
Event: 33.408 Thread 0x000000001a9db000 Exception <a 'java/lang/NoSuchFieldError': method resolution failed> (0x00000000da69ef88) thrown at [C:\re\workspace\8-2-build-windows-amd64-cygwin\jdk8u151\9699\hotspot\src\share\vm\prims\methodHandles.cpp, line 1146]
Event: 33.756 Thread 0x000000001a9db000 Exception <a 'java/lang/NoSuchFieldError': method resolution failed> (0x00000000ddaf9478) thrown at [C:\re\workspace\8-2-build-windows-amd64-cygwin\jdk8u151\9699\hotspot\src\share\vm\prims\methodHandles.cpp, line 1146]
Event: 34.112 Thread 0x000000001a9db000 Implicit null exception at 0x0000000003538083 to 0x00000000035381f1
Event: 34.407 Thread 0x000000001a9db000 Exception <a 'java/lang/NoSuchMethodError': java.lang.Object.lambda$get$0(Ljava/lang/Object;)V> (0x00000000dfcf2f38) thrown at [C:\re\workspace\8-2-build-windows-amd64-cygwin\jdk8u151\9699\hotspot\src\share\vm\interpreter\linkResolver.cpp, line 618]
Event: 34.512 Thread 0x000000001a9db000 Exception <a 'sun/nio/fs/WindowsException'> (0x00000000e0937170) thrown at [C:\re\workspace\8-2-build-windows-amd64-cygwin\jdk8u151\9699\hotspot\src\share\vm\prims\jni.cpp, line 709]
Event: 35.322 Thread 0x000000001a9db000 Exception <a 'sun/nio/fs/WindowsException'> (0x00000000dd717f18) thrown at [C:\re\workspace\8-2-build-windows-amd64-cygwin\jdk8u151\9699\hotspot\src\share\vm\prims\jni.cpp, line 709]
Event: 35.688 Thread 0x000000001a9db000 Exception <a 'sun/nio/fs/WindowsException'> (0x00000000e4ec4828) thrown at [C:\re\workspace\8-2-build-windows-amd64-cygwin\jdk8u151\9699\hotspot\src\share\vm\prims\jni.cpp, line 709]
Event: 35.994 Thread 0x000000001a9db000 Exception <a 'sun/nio/fs/WindowsException'> (0x00000000dcc42ad8) thrown at [C:\re\workspace\8-2-build-windows-amd64-cygwin\jdk8u151\9699\hotspot\src\share\vm\prims\jni.cpp, line 709]

Events (10 events):
Event: 35.761 Thread 0x000000001744d800 flushing nmethod 0x000000000309e010
Event: 35.761 Thread 0x000000001744d800 flushing nmethod 0x00000000030a2dd0
Event: 35.762 Thread 0x000000001744d800 flushing nmethod 0x000000000316b710
Event: 35.762 Thread 0x000000001744d800 flushing nmethod 0x0000000003206fd0
Event: 35.762 Thread 0x000000001744d800 flushing nmethod 0x000000000323f390
Event: 35.762 Thread 0x000000001744d800 flushing nmethod 0x000000000324e450
Event: 35.762 Thread 0x000000001744d800 flushing nmethod 0x000000000325d690
Event: 35.770 Thread 0x000000001744d800 flushing nmethod 0x00000000033598d0
Event: 35.773 Thread 0x000000001744d800 flushing nmethod 0x0000000003633990
Event: 35.773 Thread 0x000000001744d800 flushing nmethod 0x000000000363cb10


Dynamic libraries:
0x00007ff7a01e0000 - 0x00007ff7a0217000 	C:\Program Files\Java\jdk1.8.0_151\bin\java.exe
0x00007ffc49210000 - 0x00007ffc493f1000 	C:\WINDOWS\SYSTEM32\ntdll.dll
0x00007ffc48da0000 - 0x00007ffc48e51000 	C:\WINDOWS\System32\KERNEL32.DLL
0x00007ffc455f0000 - 0x00007ffc45863000 	C:\WINDOWS\System32\KERNELBASE.dll
0x00007ffc48c60000 - 0x00007ffc48d01000 	C:\WINDOWS\System32\ADVAPI32.dll
0x00007ffc466a0000 - 0x00007ffc4673e000 	C:\WINDOWS\System32\msvcrt.dll
0x00007ffc477b0000 - 0x00007ffc4780b000 	C:\WINDOWS\System32\sechost.dll
0x00007ffc47000000 - 0x00007ffc47124000 	C:\WINDOWS\System32\RPCRT4.dll
0x00007ffc48f80000 - 0x00007ffc49110000 	C:\WINDOWS\System32\USER32.dll
0x00007ffc455d0000 - 0x00007ffc455f0000 	C:\WINDOWS\System32\win32u.dll
0x00007ffc48e60000 - 0x00007ffc48e88000 	C:\WINDOWS\System32\GDI32.dll
0x00007ffc459d0000 - 0x00007ffc45b63000 	C:\WINDOWS\System32\gdi32full.dll
0x00007ffc462e0000 - 0x00007ffc4637f000 	C:\WINDOWS\System32\msvcp_win.dll
0x00007ffc45870000 - 0x00007ffc45968000 	C:\WINDOWS\System32\ucrtbase.dll
0x00007ffc3a000000 - 0x00007ffc3a269000 	C:\WINDOWS\WinSxS\amd64_microsoft.windows.common-controls_6595b64144ccf1df_6.0.17134.1610_none_d3fd41197c928db6\COMCTL32.dll
0x00007ffc46a00000 - 0x00007ffc46d20000 	C:\WINDOWS\System32\combase.dll
0x00007ffc46620000 - 0x00007ffc46699000 	C:\WINDOWS\System32\bcryptPrimitives.dll
0x00007ffc47190000 - 0x00007ffc471bd000 	C:\WINDOWS\System32\IMM32.DLL
0x0000000074b20000 - 0x0000000074bf2000 	C:\Program Files\Java\jdk1.8.0_151\jre\bin\msvcr100.dll
0x0000000074280000 - 0x0000000074b1d000 	C:\Program Files\Java\jdk1.8.0_151\jre\bin\server\jvm.dll
0x00007ffc46f50000 - 0x00007ffc46f58000 	C:\WINDOWS\System32\PSAPI.DLL
0x00007ffc37630000 - 0x00007ffc3763a000 	C:\WINDOWS\SYSTEM32\VERSION.dll
0x00007ffc43400000 - 0x00007ffc43423000 	C:\WINDOWS\SYSTEM32\WINMM.dll
0x00007ffc319d0000 - 0x00007ffc319d9000 	C:\WINDOWS\SYSTEM32\WSOCK32.dll
0x00007ffc48f10000 - 0x00007ffc48f7c000 	C:\WINDOWS\System32\WS2_32.dll
0x00007ffc43300000 - 0x00007ffc4332a000 	C:\WINDOWS\SYSTEM32\winmmbase.dll
0x00007ffc45b70000 - 0x00007ffc45bb9000 	C:\WINDOWS\System32\cfgmgr32.dll
0x00000000761c0000 - 0x00000000761cf000 	C:\Program Files\Java\jdk1.8.0_151\jre\bin\verify.dll
0x0000000076190000 - 0x00000000761b9000 	C:\Program Files\Java\jdk1.8.0_151\jre\bin\java.dll
0x00000000741e0000 - 0x0000000074203000 	C:\Program Files\Java\jdk1.8.0_151\jre\bin\instrument.dll
0x0000000074260000 - 0x0000000074276000 	C:\Program Files\Java\jdk1.8.0_151\jre\bin\zip.dll
0x00007ffc47810000 - 0x00007ffc48c55000 	C:\WINDOWS\System32\SHELL32.dll
0x00007ffc46ea0000 - 0x00007ffc46f49000 	C:\WINDOWS\System32\shcore.dll
0x00007ffc45bc0000 - 0x00007ffc462d5000 	C:\WINDOWS\System32\windows.storage.dll
0x00007ffc469a0000 - 0x00007ffc469f1000 	C:\WINDOWS\System32\shlwapi.dll
0x00007ffc45520000 - 0x00007ffc45531000 	C:\WINDOWS\System32\kernel.appcore.dll
0x00007ffc45540000 - 0x00007ffc4555f000 	C:\WINDOWS\System32\profapi.dll
0x00007ffc45560000 - 0x00007ffc455ac000 	C:\WINDOWS\System32\powrprof.dll
0x00007ffc45510000 - 0x00007ffc4551a000 	C:\WINDOWS\System32\FLTLIB.DLL
0x00007ffc36160000 - 0x00007ffc3617a000 	C:\Program Files\Android\Android Studio\bin\breakgen64.dll
0x0000000074240000 - 0x000000007425a000 	C:\Program Files\Java\jdk1.8.0_151\jre\bin\net.dll
0x00007ffc44d90000 - 0x00007ffc44df6000 	C:\WINDOWS\system32\mswsock.dll
0x0000000074220000 - 0x0000000074231000 	C:\Program Files\Java\jdk1.8.0_151\jre\bin\nio.dll
0x00007ffc44f40000 - 0x00007ffc44f57000 	C:\WINDOWS\SYSTEM32\CRYPTSP.dll
0x00007ffc44940000 - 0x00007ffc44973000 	C:\WINDOWS\system32\rsaenh.dll
0x00007ffc45070000 - 0x00007ffc45095000 	C:\WINDOWS\SYSTEM32\bcrypt.dll
0x00007ffc45410000 - 0x00007ffc45438000 	C:\WINDOWS\SYSTEM32\USERENV.dll
0x00007ffc44f60000 - 0x00007ffc44f6b000 	C:\WINDOWS\SYSTEM32\CRYPTBASE.dll
0x00007ffc44ae0000 - 0x00007ffc44b18000 	C:\WINDOWS\SYSTEM32\IPHLPAPI.DLL
0x00007ffc46830000 - 0x00007ffc46838000 	C:\WINDOWS\System32\NSI.dll
0x00007ffc3ab30000 - 0x00007ffc3ab46000 	C:\WINDOWS\SYSTEM32\dhcpcsvc6.DLL
0x00007ffc3b7d0000 - 0x00007ffc3b7ea000 	C:\WINDOWS\SYSTEM32\dhcpcsvc.DLL
0x00000000741b0000 - 0x00000000741d4000 	C:\Program Files\Java\jdk1.8.0_151\jre\bin\sunec.dll
0x00000000741a0000 - 0x00000000741ab000 	C:\Program Files\Java\jdk1.8.0_151\jre\bin\sunmscapi.dll
0x00007ffc46430000 - 0x00007ffc46612000 	C:\WINDOWS\System32\CRYPT32.dll
0x00007ffc455b0000 - 0x00007ffc455c2000 	C:\WINDOWS\System32\MSASN1.dll
0x0000000074000000 - 0x0000000074198000 	C:\Program Files\Java\jdk1.8.0_151\jre\bin\awt.dll
0x00007ffc49110000 - 0x00007ffc491d2000 	C:\WINDOWS\System32\OLEAUT32.dll
0x00007ffc43a30000 - 0x00007ffc43abb000 	C:\WINDOWS\SYSTEM32\apphelp.dll
0x00007ffc31a30000 - 0x00007ffc31bf9000 	C:\WINDOWS\SYSTEM32\dbghelp.dll

VM Arguments:
jvm_args: -ea -Didea.test.cyclic.buffer.size=1048576 -javaagent:C:\Program Files\Android\Android Studio\lib\idea_rt.jar=53362:C:\Program Files\Android\Android Studio\bin -Dfile.encoding=UTF-8 
java_command: com.intellij.rt.junit.JUnitStarter -ideVersion5 -junit4 com.example.sampleunittesting.MainActivityTest
java_class_path (initial): C:\Program Files\Android\Android Studio\lib\idea_rt.jar;C:\Program Files\Android\Android Studio\plugins\junit\lib\junit5-rt.jar;C:\Program Files\Android\Android Studio\plugins\junit\lib\junit-rt.jar;C:\Users\hp\AppData\Local\Android\sdk1\platforms\android-29\data\res;C:\Mobile\Prasath\Vajro\SampleUnitTesting\app\build\intermediates\javac\debug\classes;C:\Mobile\Prasath\Vajro\SampleUnitTesting\app\build\intermediates\unit_test_config_directory\debugUnitTest\out;C:\Mobile\Prasath\Vajro\SampleUnitTesting\app\build\intermediates\compile_and_runtime_not_namespaced_r_class_jar\debug\R.jar;C:\Mobile\Prasath\Vajro\SampleUnitTesting\app\build\tmp\kotlin-classes\debugUnitTest;C:\Mobile\Prasath\Vajro\SampleUnitTesting\app\build\intermediates\compile_and_runtime_not_namespaced_r_class_jar\debugAndroidTest\R.jar;C:\Mobile\Prasath\Vajro\SampleUnitTesting\app\build\tmp\kotlin-classes\debugAndroidTest;C:\Mobile\Prasath\Vajro\SampleUnitTesting\app\build\tmp\kotlin-classes\debug;C:\Users\hp\.gradle\caches\modules-2\files-2.1\org.hamcrest\hamcrest-library\1.3\4785a3c21320980282f9f33d0d1264a69040538f\hamcrest-library-1.3.jar;C:\Users\hp\.gradle\caches\modules-2\files-2.1\org.hamcrest\hamcrest-core\1.3\42a25dc3219429f0e5d060061f71acb49bf010a0\hamcrest-core-1.3.jar;C:\Users\hp\.gradle\caches\modules-2\files-2.1\javax.inject\javax.inject\1\6975da39a7040257bd51d21a231b76c915872d38\javax.inject-1.jar;C:\Users\hp\.gradle\caches\modules-2\files-2.1\org.robolectric\robolectric\4.2.1\c7997a18ee0ba450f0256a7f037c27dfd65a2c5e\robolectric-4.2.1.jar;C:\Users\hp\.gradle\caches\modules-2\files-2.1\junit\junit\4.13\e49ccba652b735c93bd6e6f59760d8254cf597dd\junit-4.13.jar;C:\Users\hp\.gradle\caches\modules-2\files-2.1\org.robolectric\shadows-framework\4.2.1\72a882ae5edd8be34408ffeb22a83de6ca3028b0\shadows-framework-4.2.1.jar;C:\Users\hp\.gradle\caches\modules-2\files-2.1\com.google.android.apps.common.testing.accessibility.framework\accessibility-test-framework\2.1\c2d6267c3
Launcher Type: SUN_STANDARD

Environment Variables:
JAVA_HOME=C:\Program Files\Java\jdk1.8.0_151
PATH=C:\Program Files (x86)\Common Files\Oracle\Java\javapath;C:\ProgramData\Oracle\Java\javapath;C:\WINDOWS\system32;C:\WINDOWS;C:\WINDOWS\System32\Wbem;C:\WINDOWS\System32\WindowsPowerShell\v1.0\;C:\Users\hp\AppData\Local\Android\sdk1\platform-tools;C:\Users\hp\AppData\Local\Android\sdk1\tools;C:\Program Files\Common Files\Autodesk Shared\;C:\WINDOWS\System32\OpenSSH\;C:\xampp\php;C:\Program Files\nodejs\;C:\composer;C:\Users\hp\.gradle\wrapper\dists\gradle-4.10.3-all\81msde2dx9p4vji0mjgtvxkcb\gradle-4.10.3\bin;C:\Program Files\Git\cmd;C:\Program Files (x86)\WinAnt\bin;C:\Users\hp\AppData\Local\Microsoft\WindowsApps;C:\Users\hp\AppData\Roaming\Composer\vendor\bin;C:\Users\hp\AppData\Local\Programs\Microsoft VS Code\bin;C:\Users\hp\AppData\Roaming\npm
USERNAME=hp
OS=Windows_NT
PROCESSOR_IDENTIFIER=Intel64 Family 6 Model 60 Stepping 3, GenuineIntel



---------------  S Y S T E M  ---------------

OS: Windows 10.0 , 64 bit Build 17134 (10.0.17134.1425)

CPU:total 4 (initial active 4) (2 cores per cpu, 2 threads per core) family 6 model 60 stepping 3, cmov, cx8, fxsr, mmx, sse, sse2, sse3, ssse3, sse4.1, sse4.2, popcnt, avx, avx2, aes, clmul, erms, lzcnt, ht, tsc, tscinvbit, bmi1, bmi2

Memory: 4k page, physical 8291724k(1598892k free), swap 28214668k(19097336k free)

vm_info: Java HotSpot(TM) 64-Bit Server VM (25.151-b12) for windows-amd64 JRE (1.8.0_151-b12), built on Sep  5 2017 19:33:46 by "java_re" with MS VC++ 10.0 (VS2010)

time: Sat Jul 25 11:02:02 2020
elapsed time: 36 seconds (0d 0h 0m 36s)

