#
# A fatal error has been detected by the Java Runtime Environment:
#
#  EXCEPTION_ACCESS_VIOLATION (0xc0000005) at pc=0x00000000742c3908, pid=4036, tid=0x0000000000001fd0
#
# JRE version: Java(TM) SE Runtime Environment (8.0_151-b12) (build 1.8.0_151-b12)
# Java VM: Java HotSpot(TM) 64-Bit Server VM (25.151-b12 mixed mode windows-amd64 compressed oops)
# Problematic frame:
# V  [jvm.dll+0x43908]
#
# Failed to write core dump. Minidumps are not enabled by default on client versions of Windows
#
# If you would like to submit a bug report, please visit:
#   http://bugreport.java.com/bugreport/crash.jsp
#

---------------  T H R E A D  ---------------

Current thread (0x000000001785f000):  JavaThread "C1 CompilerThread2" daemon [_thread_in_vm, id=8144, stack(0x0000000019570000,0x0000000019670000)]

siginfo: ExceptionCode=0xc0000005, reading address 0xffffffffffffffff

Registers:
RAX=0x000000001785f000, RBX=0x0000000002a36a90, RCX=0x0000000002a36a90, RDX=0x0000000002a36a90
RSP=0x000000001966d070, RBP=0x000000001a1c3870, RSI=0x0000000002a36a90, RDI=0x0000000000000000
R8 =0x787bb290ffff0013, R9 =0x0000000000000000, R10=0x000000001a1c3aa0, R11=0x000000001a50ec30
R12=0x000000001785f000, R13=0x000000001a1c3870, R14=0x000000001cf23e20, R15=0x00000000000000b6
RIP=0x00000000742c3908, EFLAGS=0x0000000000010202

Top of Stack: (sp=0x000000001966d070)
0x000000001966d070:   00000000000000b6 000000001966f620
0x000000001966d080:   00000000000000b6 0000000000000077
0x000000001966d090:   000000001f0dc428 000000001966f620
0x000000001966d0a0:   000000001966d180 00000000742afef5
0x000000001966d0b0:   00000000000000e8 00000000742c3c99
0x000000001966d0c0:   0000000000000077 0000000000000077
0x000000001966d0d0:   0000000000000000 0000000000000000
0x000000001966d0e0:   0000000000000000 000000001cd8f310
0x000000001966d0f0:   00000000029f20c0 00000000742c1f7b
0x000000001966d100:   0000000000000000 000000001785f000
0x000000001966d110:   000000001cf24f90 00000000742acf6f
0x000000001966d120:   000000001785f000 00000000742c7280
0x000000001966d130:   000000001785f000 000000001785f000
0x000000001966d140:   000000001cd8f310 00000000746a12cb
0x000000001966d150:   0000000000000000 0000000000000000
0x000000001966d160:   000000001cf24f90 00000000000000b7 

Instructions: (pc=0x00000000742c3908)
0x00000000742c38e8:   00 48 8b da ff 15 fe 9a 59 00 44 0f b6 05 d2 07
0x00000000742c38f8:   7b 00 4c 8b e0 45 84 c0 74 39 4c 8b 03 48 8b cb
0x00000000742c3908:   41 ff 50 08 84 c0 74 2b 83 7b 08 00 7e 25 0f b6
0x00000000742c3918:   83 0e 01 00 00 c0 e8 03 a8 01 74 17 48 8b 03 48 


Register to memory mapping:

RAX=0x000000001785f000 is a thread
RBX=0x0000000002a36a90 is an unknown value
RCX=0x0000000002a36a90 is an unknown value
RDX=0x0000000002a36a90 is an unknown value
RSP=0x000000001966d070 is pointing into the stack for thread: 0x000000001785f000
RBP=0x000000001a1c3870 is an unknown value
RSI=0x0000000002a36a90 is an unknown value
RDI=0x0000000000000000 is an unknown value
R8 =0x787bb290ffff0013 is an unknown value
R9 =0x0000000000000000 is an unknown value
R10=0x000000001a1c3aa0 is an unknown value
R11=0x000000001a50ec30 is an unknown value
R12=0x000000001785f000 is a thread
R13=0x000000001a1c3870 is an unknown value
R14=0x000000001cf23e20 is an unknown value
R15=0x00000000000000b6 is an unknown value


Stack: [0x0000000019570000,0x0000000019670000],  sp=0x000000001966d070,  free space=1012k
Native frames: (J=compiled Java code, j=interpreted, Vv=VM code, C=native code)
V  [jvm.dll+0x43908]
V  [jvm.dll+0x43c99]
V  [jvm.dll+0x41f7b]
V  [jvm.dll+0x4212cb]
V  [jvm.dll+0x41c0b3]
V  [jvm.dll+0x41ef17]
V  [jvm.dll+0x41f6db]
V  [jvm.dll+0x4205d6]
V  [jvm.dll+0x420838]
V  [jvm.dll+0x420c6b]
V  [jvm.dll+0x4207c5]
V  [jvm.dll+0x41c532]
V  [jvm.dll+0x41ef17]
V  [jvm.dll+0x41f6db]
V  [jvm.dll+0x4205d6]
V  [jvm.dll+0x420838]
V  [jvm.dll+0x420c6b]
V  [jvm.dll+0x4207c5]
V  [jvm.dll+0x41c532]
V  [jvm.dll+0x41ef17]
V  [jvm.dll+0x41f80d]
V  [jvm.dll+0x4205d6]
V  [jvm.dll+0x420838]
V  [jvm.dll+0x420c6b]
V  [jvm.dll+0x4207c5]
V  [jvm.dll+0x41c532]
V  [jvm.dll+0x41ef17]
V  [jvm.dll+0x41f6db]
V  [jvm.dll+0x4205d6]
V  [jvm.dll+0x420838]
V  [jvm.dll+0x420c6b]
V  [jvm.dll+0x4207c5]
V  [jvm.dll+0x41c532]
V  [jvm.dll+0x41ef17]
V  [jvm.dll+0x41f80d]
V  [jvm.dll+0x4205d6]
V  [jvm.dll+0x420838]
V  [jvm.dll+0x420c6b]
V  [jvm.dll+0x4207c5]
V  [jvm.dll+0x41c532]
V  [jvm.dll+0x41ef17]
V  [jvm.dll+0x41f6db]
V  [jvm.dll+0x4205d6]
V  [jvm.dll+0x420838]
V  [jvm.dll+0x41c532]
V  [jvm.dll+0x41ef17]
V  [jvm.dll+0x41f6db]
V  [jvm.dll+0x4205d6]
V  [jvm.dll+0x420838]
V  [jvm.dll+0x41c532]
V  [jvm.dll+0x41ef17]
V  [jvm.dll+0x41f80d]
V  [jvm.dll+0x41fc02]
V  [jvm.dll+0x424ce5]
V  [jvm.dll+0x424df0]
V  [jvm.dll+0x40e588]
V  [jvm.dll+0x40e7f1]
V  [jvm.dll+0x40e9b2]
V  [jvm.dll+0x40eb81]
V  [jvm.dll+0x40ed8f]
V  [jvm.dll+0xa5be2]
V  [jvm.dll+0xa651f]
V  [jvm.dll+0x244adf]
V  [jvm.dll+0x29c3ea]
C  [msvcr100.dll+0x21d9f]
C  [msvcr100.dll+0x21e3b]
C  [KERNEL32.DLL+0x14034]
C  [ntdll.dll+0x73691]


Current CompileTask:
C1:  51139 6132       3       android.content.res.TypedArray::$$robo$$android_content_res_TypedArray$loadStringValueAt (51 bytes)


---------------  P R O C E S S  ---------------

Java Threads: ( => current thread )
  0x000000001a282800 JavaThread "Espresso Remote #0" [_thread_blocked, id=2360, stack(0x0000000020c00000,0x0000000020d00000)]
  0x000000001a282000 JavaThread "Java2D Disposer" daemon [_thread_blocked, id=4232, stack(0x000000001dc90000,0x000000001dd90000)]
  0x000000001b12d000 JavaThread "SDK 28 Main Thread" [_thread_blocked, id=7576, stack(0x000000001c350000,0x000000001c450000)]
  0x0000000018f23800 JavaThread "Service Thread" daemon [_thread_blocked, id=4460, stack(0x0000000019670000,0x0000000019770000)]
=>0x000000001785f000 JavaThread "C1 CompilerThread2" daemon [_thread_in_vm, id=8144, stack(0x0000000019570000,0x0000000019670000)]
  0x000000001785e800 JavaThread "C2 CompilerThread1" daemon [_thread_blocked, id=2676, stack(0x0000000019470000,0x0000000019570000)]
  0x000000001785b800 JavaThread "C2 CompilerThread0" daemon [_thread_blocked, id=2860, stack(0x0000000019370000,0x0000000019470000)]
  0x000000001785a000 JavaThread "Monitor Ctrl-Break" daemon [_thread_in_native, id=5448, stack(0x0000000019270000,0x0000000019370000)]
  0x000000001782c000 JavaThread "Attach Listener" daemon [_thread_blocked, id=4988, stack(0x0000000018d70000,0x0000000018e70000)]
  0x0000000017828800 JavaThread "Signal Dispatcher" daemon [_thread_blocked, id=8920, stack(0x0000000018c70000,0x0000000018d70000)]
  0x000000001780e800 JavaThread "Finalizer" daemon [_thread_blocked, id=8028, stack(0x0000000018a80000,0x0000000018b80000)]
  0x0000000002ad9000 JavaThread "Reference Handler" daemon [_thread_blocked, id=5052, stack(0x0000000018980000,0x0000000018a80000)]
  0x00000000029e9000 JavaThread "main" [_thread_blocked, id=4200, stack(0x00000000028e0000,0x00000000029e0000)]

Other Threads:
  0x00000000177e7800 VMThread [stack: 0x0000000018880000,0x0000000018980000] [id=9340]
  0x0000000018f9b800 WatcherThread [stack: 0x0000000019770000,0x0000000019870000] [id=10116]

VM state:synchronizing (normal execution)

VM Mutex/Monitor currently owned by a thread:  ([mutex/lock_event])
[0x00000000029e04d0] Threads_lock - owner thread: 0x00000000177e7800

Heap:
 PSYoungGen      total 445440K, used 324727K [0x00000000d5d00000, 0x00000000f6e00000, 0x0000000100000000)
  eden space 433152K, 72% used [0x00000000d5d00000,0x00000000e8e20110,0x00000000f0400000)
  from space 12288K, 99% used [0x00000000f0400000,0x00000000f0ffdbc0,0x00000000f1000000)
  to   space 16384K, 0% used [0x00000000f5e00000,0x00000000f5e00000,0x00000000f6e00000)
 ParOldGen       total 165376K, used 64065K [0x0000000081600000, 0x000000008b780000, 0x00000000d5d00000)
  object space 165376K, 38% used [0x0000000081600000,0x0000000085490678,0x000000008b780000)
 Metaspace       used 58509K, capacity 67022K, committed 67120K, reserved 1107968K
  class space    used 7076K, capacity 9514K, committed 9520K, reserved 1048576K

Card table byte_map: [0x0000000012080000,0x0000000012480000] byte_map_base: 0x0000000011c75000

Marking Bits: (ParMarkBitMap*) 0x0000000074a9d850
 Begin Bits: [0x0000000012b30000, 0x0000000014ad8000)
 End Bits:   [0x0000000014ad8000, 0x0000000016a80000)

Polling page: 0x00000000028b0000

CodeCache: size=245760Kb used=17136Kb max_used=17147Kb free=228623Kb
 bounds [0x0000000002cc0000, 0x0000000003de0000, 0x0000000011cc0000]
 total_blobs=6490 nmethods=5081 adapters=1321
 compilation: enabled

Compilation events (10 events):
Event: 50.872 Thread 0x000000001785b800 6129       4       java.lang.String::endsWith (17 bytes)
Event: 50.872 Thread 0x000000001785f000 nmethod 6128 0x0000000003088510 code [0x0000000003088700, 0x00000000030893e8]
Event: 50.873 Thread 0x000000001785f000 6130       3       java.lang.invoke.LambdaForm$MH/996825779::linkToCallSite (22 bytes)
Event: 50.873 Thread 0x000000001785f000 nmethod 6130 0x0000000003359d90 code [0x0000000003359f20, 0x000000000335a5c8]
Event: 50.873 Thread 0x000000001785f000 6131       3       java.lang.invoke.LambdaForm$MH/2120798408::guard (115 bytes)
Event: 50.874 Thread 0x000000001785b800 nmethod 6129 0x00000000037cd790 code [0x00000000037cd8e0, 0x00000000037cda98]
Event: 50.874 Thread 0x000000001785f000 nmethod 6131 0x000000000367d7d0 code [0x000000000367d9e0, 0x000000000367e9c8]
Event: 50.874 Thread 0x000000001785f000 6132       3       android.content.res.TypedArray::$$robo$$android_content_res_TypedArray$loadStringValueAt (51 bytes)
Event: 50.907 Thread 0x000000001785b800 6138       4       java.lang.invoke.LambdaForm$DMH/1221751537::invokeSpecial_LI_V (15 bytes)
Event: 50.908 Thread 0x000000001785b800 nmethod 6138 0x00000000031d1d50 code [0x00000000031d1ea0, 0x00000000031d1f48]

GC Heap History (10 events):
Event: 38.569 GC heap before
{Heap before GC invocations=12 (full 2):
 PSYoungGen      total 271872K, used 266867K [0x00000000d5d00000, 0x00000000ea380000, 0x0000000100000000)
  eden space 260608K, 100% used [0x00000000d5d00000,0x00000000e5b80000,0x00000000e5b80000)
  from space 11264K, 55% used [0x00000000e5b80000,0x00000000e619cc48,0x00000000e6680000)
  to   space 11264K, 0% used [0x00000000e9880000,0x00000000e9880000,0x00000000ea380000)
 ParOldGen       total 142336K, used 44902K [0x0000000081600000, 0x000000008a100000, 0x00000000d5d00000)
  object space 142336K, 31% used [0x0000000081600000,0x00000000841d9bc0,0x000000008a100000)
 Metaspace       used 34893K, capacity 38061K, committed 38320K, reserved 1083392K
  class space    used 3778K, capacity 4780K, committed 4784K, reserved 1048576K
Event: 38.585 GC heap after
Heap after GC invocations=12 (full 2):
 PSYoungGen      total 322560K, used 10268K [0x00000000d5d00000, 0x00000000ed880000, 0x0000000100000000)
  eden space 311296K, 0% used [0x00000000d5d00000,0x00000000d5d00000,0x00000000e8d00000)
  from space 11264K, 91% used [0x00000000e9880000,0x00000000ea2873e8,0x00000000ea380000)
  to   space 11776K, 0% used [0x00000000e8d00000,0x00000000e8d00000,0x00000000e9880000)
 ParOldGen       total 142336K, used 44902K [0x0000000081600000, 0x000000008a100000, 0x00000000d5d00000)
  object space 142336K, 31% used [0x0000000081600000,0x00000000841d9bc0,0x000000008a100000)
 Metaspace       used 34893K, capacity 38061K, committed 38320K, reserved 1083392K
  class space    used 3778K, capacity 4780K, committed 4784K, reserved 1048576K
}
Event: 40.448 GC heap before
{Heap before GC invocations=13 (full 2):
 PSYoungGen      total 322560K, used 182591K [0x00000000d5d00000, 0x00000000ed880000, 0x0000000100000000)
  eden space 311296K, 55% used [0x00000000d5d00000,0x00000000e0548898,0x00000000e8d00000)
  from space 11264K, 91% used [0x00000000e9880000,0x00000000ea2873e8,0x00000000ea380000)
  to   space 11776K, 0% used [0x00000000e8d00000,0x00000000e8d00000,0x00000000e9880000)
 ParOldGen       total 142336K, used 44902K [0x0000000081600000, 0x000000008a100000, 0x00000000d5d00000)
  object space 142336K, 31% used [0x0000000081600000,0x00000000841d9bc0,0x000000008a100000)
 Metaspace       used 40176K, capacity 44607K, committed 44668K, reserved 1087488K
  class space    used 4504K, capacity 5882K, committed 5936K, reserved 1048576K
Event: 40.463 GC heap after
Heap after GC invocations=13 (full 2):
 PSYoungGen      total 323072K, used 7303K [0x00000000d5d00000, 0x00000000f1d00000, 0x0000000100000000)
  eden space 311296K, 0% used [0x00000000d5d00000,0x00000000d5d00000,0x00000000e8d00000)
  from space 11776K, 62% used [0x00000000e8d00000,0x00000000e9421c98,0x00000000e9880000)
  to   space 11264K, 0% used [0x00000000f1200000,0x00000000f1200000,0x00000000f1d00000)
 ParOldGen       total 142336K, used 51741K [0x0000000081600000, 0x000000008a100000, 0x00000000d5d00000)
  object space 142336K, 36% used [0x0000000081600000,0x0000000084887748,0x000000008a100000)
 Metaspace       used 40176K, capacity 44607K, committed 44668K, reserved 1087488K
  class space    used 4504K, capacity 5882K, committed 5936K, reserved 1048576K
}
Event: 40.463 GC heap before
{Heap before GC invocations=14 (full 3):
 PSYoungGen      total 323072K, used 7303K [0x00000000d5d00000, 0x00000000f1d00000, 0x0000000100000000)
  eden space 311296K, 0% used [0x00000000d5d00000,0x00000000d5d00000,0x00000000e8d00000)
  from space 11776K, 62% used [0x00000000e8d00000,0x00000000e9421c98,0x00000000e9880000)
  to   space 11264K, 0% used [0x00000000f1200000,0x00000000f1200000,0x00000000f1d00000)
 ParOldGen       total 142336K, used 51741K [0x0000000081600000, 0x000000008a100000, 0x00000000d5d00000)
  object space 142336K, 36% used [0x0000000081600000,0x0000000084887748,0x000000008a100000)
 Metaspace       used 40176K, capacity 44607K, committed 44668K, reserved 1087488K
  class space    used 4504K, capacity 5882K, committed 5936K, reserved 1048576K
Event: 40.632 GC heap after
Heap after GC invocations=14 (full 3):
 PSYoungGen      total 323072K, used 0K [0x00000000d5d00000, 0x00000000f1d00000, 0x0000000100000000)
  eden space 311296K, 0% used [0x00000000d5d00000,0x00000000d5d00000,0x00000000e8d00000)
  from space 11776K, 0% used [0x00000000e8d00000,0x00000000e8d00000,0x00000000e9880000)
  to   space 11264K, 0% used [0x00000000f1200000,0x00000000f1200000,0x00000000f1d00000)
 ParOldGen       total 165376K, used 55668K [0x0000000081600000, 0x000000008b780000, 0x00000000d5d00000)
  object space 165376K, 33% used [0x0000000081600000,0x0000000084c5d3c0,0x000000008b780000)
 Metaspace       used 40176K, capacity 44607K, committed 44668K, reserved 1087488K
  class space    used 4504K, capacity 5882K, committed 5936K, reserved 1048576K
}
Event: 43.973 GC heap before
{Heap before GC invocations=15 (full 3):
 PSYoungGen      total 323072K, used 311296K [0x00000000d5d00000, 0x00000000f1d00000, 0x0000000100000000)
  eden space 311296K, 100% used [0x00000000d5d00000,0x00000000e8d00000,0x00000000e8d00000)
  from space 11776K, 0% used [0x00000000e8d00000,0x00000000e8d00000,0x00000000e9880000)
  to   space 11264K, 0% used [0x00000000f1200000,0x00000000f1200000,0x00000000f1d00000)
 ParOldGen       total 165376K, used 55668K [0x0000000081600000, 0x000000008b780000, 0x00000000d5d00000)
  object space 165376K, 33% used [0x0000000081600000,0x0000000084c5d3c0,0x000000008b780000)
 Metaspace       used 47329K, capacity 53136K, committed 53296K, reserved 1095680K
  class space    used 5666K, capacity 7459K, committed 7472K, reserved 1048576K
Event: 43.988 GC heap after
Heap after GC invocations=15 (full 3):
 PSYoungGen      total 408576K, used 9933K [0x00000000d5d00000, 0x00000000f1c00000, 0x0000000100000000)
  eden space 398336K, 0% used [0x00000000d5d00000,0x00000000d5d00000,0x00000000ee200000)
  from space 10240K, 97% used [0x00000000f1200000,0x00000000f1bb36f0,0x00000000f1c00000)
  to   space 12288K, 0% used [0x00000000f0400000,0x00000000f0400000,0x00000000f1000000)
 ParOldGen       total 165376K, used 55676K [0x0000000081600000, 0x000000008b780000, 0x00000000d5d00000)
  object space 165376K, 33% used [0x0000000081600000,0x0000000084c5f3c0,0x000000008b780000)
 Metaspace       used 47329K, capacity 53136K, committed 53296K, reserved 1095680K
  class space    used 5666K, capacity 7459K, committed 7472K, reserved 1048576K
}
Event: 48.648 GC heap before
{Heap before GC invocations=16 (full 3):
 PSYoungGen      total 408576K, used 408269K [0x00000000d5d00000, 0x00000000f1c00000, 0x0000000100000000)
  eden space 398336K, 100% used [0x00000000d5d00000,0x00000000ee200000,0x00000000ee200000)
  from space 10240K, 97% used [0x00000000f1200000,0x00000000f1bb36f0,0x00000000f1c00000)
  to   space 12288K, 0% used [0x00000000f0400000,0x00000000f0400000,0x00000000f1000000)
 ParOldGen       total 165376K, used 55676K [0x0000000081600000, 0x000000008b780000, 0x00000000d5d00000)
  object space 165376K, 33% used [0x0000000081600000,0x0000000084c5f3c0,0x000000008b780000)
 Metaspace       used 57065K, capacity 64954K, committed 65072K, reserved 1105920K
  class space    used 6886K, capacity 9263K, committed 9264K, reserved 1048576K
Event: 48.677 GC heap after
Heap after GC invocations=16 (full 3):
 PSYoungGen      total 445440K, used 12278K [0x00000000d5d00000, 0x00000000f6e00000, 0x0000000100000000)
  eden space 433152K, 0% used [0x00000000d5d00000,0x00000000d5d00000,0x00000000f0400000)
  from space 12288K, 99% used [0x00000000f0400000,0x00000000f0ffdbc0,0x00000000f1000000)
  to   space 16384K, 0% used [0x00000000f5e00000,0x00000000f5e00000,0x00000000f6e00000)
 ParOldGen       total 165376K, used 64065K [0x0000000081600000, 0x000000008b780000, 0x00000000d5d00000)
  object space 165376K, 38% used [0x0000000081600000,0x0000000085490678,0x000000008b780000)
 Metaspace       used 57065K, capacity 64954K, committed 65072K, reserved 1105920K
  class space    used 6886K, capacity 9263K, committed 9264K, reserved 1048576K
}

Deoptimization events (10 events):
Event: 48.300 Thread 0x00000000029e9000 Uncommon trap: reason=class_check action=maybe_recompile pc=0x000000000353c154 method=com.google.common.collect.ImmutableSet$RegularSetBuilderImpl.add(Ljava/lang/Object;)Lcom/google/common/collect/ImmutableSet$SetBuilderImpl; @ 6
Event: 48.301 Thread 0x00000000029e9000 Uncommon trap: reason=unstable_if action=reinterpret pc=0x00000000038724b8 method=org.robolectric.internal.bytecode.MethodRef.equals(Ljava/lang/Object;)Z @ 2
Event: 48.360 Thread 0x000000001b12d000 Uncommon trap: reason=unstable_if action=reinterpret pc=0x0000000003644ad0 method=org.robolectric.res.android.CppAssetManager2$Theme.SetTo(Lorg/robolectric/res/android/CppAssetManager2$Theme;)Z @ 53
Event: 48.798 Thread 0x000000001b12d000 Uncommon trap: reason=class_check action=maybe_recompile pc=0x0000000003423bd8 method=java.lang.Character.codePointAt(Ljava/lang/CharSequence;I)I @ 2
Event: 49.724 Thread 0x00000000029e9000 Uncommon trap: reason=unstable_if action=reinterpret pc=0x0000000002efe848 method=java.util.regex.Pattern.sequence(Ljava/util/regex/Pattern$Node;)Ljava/util/regex/Pattern$Node; @ 388
Event: 49.724 Thread 0x00000000029e9000 Uncommon trap: reason=bimorphic action=maybe_recompile pc=0x0000000003b07774 method=java.util.regex.Pattern$Curly.study(Ljava/util/regex/Pattern$TreeInfo;)Z @ 31
Event: 49.725 Thread 0x00000000029e9000 Uncommon trap: reason=bimorphic action=maybe_recompile pc=0x0000000003b07774 method=java.util.regex.Pattern$Curly.study(Ljava/util/regex/Pattern$TreeInfo;)Z @ 31
Event: 49.961 Thread 0x000000001b12d000 Uncommon trap: reason=unstable_if action=reinterpret pc=0x00000000031de304 method=com.google.common.base.Objects.equal(Ljava/lang/Object;Ljava/lang/Object;)Z @ 2
Event: 49.961 Thread 0x000000001b12d000 Uncommon trap: reason=unstable_if action=reinterpret pc=0x0000000002e88860 method=com.google.common.base.Objects.equal(Ljava/lang/Object;Ljava/lang/Object;)Z @ 2
Event: 50.208 Thread 0x000000001b12d000 Uncommon trap: reason=class_check action=maybe_recompile pc=0x0000000003423bd8 method=java.lang.Character.codePointAt(Ljava/lang/CharSequence;I)I @ 2

Internal exceptions (10 events):
Event: 47.351 Thread 0x000000001b12d000 Exception <a 'java/lang/NoSuchFieldError': method resolution failed> (0x00000000e68e6368) thrown at [C:\re\workspace\8-2-build-windows-amd64-cygwin\jdk8u151\9699\hotspot\src\share\vm\prims\methodHandles.cpp, line 1146]
Event: 48.003 Thread 0x000000001b12d000 Implicit null exception at 0x00000000035d4083 to 0x00000000035d41e9
Event: 48.216 Thread 0x000000001b12d000 Exception <a 'java/lang/NoSuchMethodError': java.lang.Object.lambda$get$0(Ljava/lang/Object;)V> (0x00000000e8da2c50) thrown at [C:\re\workspace\8-2-build-windows-amd64-cygwin\jdk8u151\9699\hotspot\src\share\vm\interpreter\linkResolver.cpp, line 618]
Event: 48.355 Thread 0x000000001b12d000 Exception <a 'sun/nio/fs/WindowsException'> (0x00000000e9b8d7e0) thrown at [C:\re\workspace\8-2-build-windows-amd64-cygwin\jdk8u151\9699\hotspot\src\share\vm\prims\jni.cpp, line 709]
Event: 49.581 Thread 0x000000001b12d000 Exception <a 'java/lang/AbstractMethodError': org.robolectric.android.internal.LocalControlledLooper.simulateWindowFocus(Landroid/view/View;)V> (0x00000000da3f0180) thrown at [C:\re\workspace\8-2-build-windows-amd64-cygwin\jdk8u151\9699\hotspot\src\share\
Event: 49.632 Thread 0x000000001b12d000 Exception <a 'java/lang/reflect/InvocationTargetException'> (0x00000000da8341b8) thrown at [C:\re\workspace\8-2-build-windows-amd64-cygwin\jdk8u151\9699\hotspot\src\share\vm\runtime\reflection.cpp, line 1092]
Event: 49.674 Thread 0x000000001b12d000 Exception <a 'java/lang/AbstractMethodError'> (0x00000000da3f0180) thrown at [C:\re\workspace\8-2-build-windows-amd64-cygwin\jdk8u151\9699\hotspot\src\share\vm\prims\jni.cpp, line 709]
Event: 49.681 Thread 0x00000000029e9000 Exception <a 'java/lang/AbstractMethodError'> (0x00000000da3f0180) thrown at [C:\re\workspace\8-2-build-windows-amd64-cygwin\jdk8u151\9699\hotspot\src\share\vm\prims\jni.cpp, line 709]
Event: 49.857 Thread 0x000000001b12d000 Exception <a 'sun/nio/fs/WindowsException'> (0x00000000db32a438) thrown at [C:\re\workspace\8-2-build-windows-amd64-cygwin\jdk8u151\9699\hotspot\src\share\vm\prims\jni.cpp, line 709]
Event: 50.738 Thread 0x000000001b12d000 Exception <a 'sun/nio/fs/WindowsException'> (0x00000000e2cc1940) thrown at [C:\re\workspace\8-2-build-windows-amd64-cygwin\jdk8u151\9699\hotspot\src\share\vm\prims\jni.cpp, line 709]

Events (10 events):
Event: 50.280 loading class android/view/View
Event: 50.280 loading class android/view/View done
Event: 50.281 loading class android/view/View
Event: 50.281 loading class android/view/View done
Event: 50.281 loading class android/widget/TextView
Event: 50.281 loading class android/widget/TextView done
Event: 50.281 loading class android/content/Intent
Event: 50.281 loading class android/content/Intent done
Event: 50.281 loading class android/content/Intent
Event: 50.281 loading class android/content/Intent done


Dynamic libraries:
0x00007ff7a01e0000 - 0x00007ff7a0217000 	C:\Program Files\Java\jdk1.8.0_151\bin\java.exe
0x00007ffc49210000 - 0x00007ffc493f1000 	C:\WINDOWS\SYSTEM32\ntdll.dll
0x00007ffc48da0000 - 0x00007ffc48e51000 	C:\WINDOWS\System32\KERNEL32.DLL
0x00007ffc455f0000 - 0x00007ffc45863000 	C:\WINDOWS\System32\KERNELBASE.dll
0x00007ffc48c60000 - 0x00007ffc48d01000 	C:\WINDOWS\System32\ADVAPI32.dll
0x00007ffc466a0000 - 0x00007ffc4673e000 	C:\WINDOWS\System32\msvcrt.dll
0x00007ffc477b0000 - 0x00007ffc4780b000 	C:\WINDOWS\System32\sechost.dll
0x00007ffc47000000 - 0x00007ffc47124000 	C:\WINDOWS\System32\RPCRT4.dll
0x00007ffc48f80000 - 0x00007ffc49110000 	C:\WINDOWS\System32\USER32.dll
0x00007ffc455d0000 - 0x00007ffc455f0000 	C:\WINDOWS\System32\win32u.dll
0x00007ffc48e60000 - 0x00007ffc48e88000 	C:\WINDOWS\System32\GDI32.dll
0x00007ffc459d0000 - 0x00007ffc45b63000 	C:\WINDOWS\System32\gdi32full.dll
0x00007ffc462e0000 - 0x00007ffc4637f000 	C:\WINDOWS\System32\msvcp_win.dll
0x00007ffc45870000 - 0x00007ffc45968000 	C:\WINDOWS\System32\ucrtbase.dll
0x00007ffc3a000000 - 0x00007ffc3a269000 	C:\WINDOWS\WinSxS\amd64_microsoft.windows.common-controls_6595b64144ccf1df_6.0.17134.1610_none_d3fd41197c928db6\COMCTL32.dll
0x00007ffc46a00000 - 0x00007ffc46d20000 	C:\WINDOWS\System32\combase.dll
0x00007ffc46620000 - 0x00007ffc46699000 	C:\WINDOWS\System32\bcryptPrimitives.dll
0x00007ffc47190000 - 0x00007ffc471bd000 	C:\WINDOWS\System32\IMM32.DLL
0x0000000074b20000 - 0x0000000074bf2000 	C:\Program Files\Java\jdk1.8.0_151\jre\bin\msvcr100.dll
0x0000000074280000 - 0x0000000074b1d000 	C:\Program Files\Java\jdk1.8.0_151\jre\bin\server\jvm.dll
0x00007ffc46f50000 - 0x00007ffc46f58000 	C:\WINDOWS\System32\PSAPI.DLL
0x00007ffc37630000 - 0x00007ffc3763a000 	C:\WINDOWS\SYSTEM32\VERSION.dll
0x00007ffc43400000 - 0x00007ffc43423000 	C:\WINDOWS\SYSTEM32\WINMM.dll
0x00007ffc319d0000 - 0x00007ffc319d9000 	C:\WINDOWS\SYSTEM32\WSOCK32.dll
0x00007ffc48f10000 - 0x00007ffc48f7c000 	C:\WINDOWS\System32\WS2_32.dll
0x00007ffc43300000 - 0x00007ffc4332a000 	C:\WINDOWS\SYSTEM32\winmmbase.dll
0x00007ffc45b70000 - 0x00007ffc45bb9000 	C:\WINDOWS\System32\cfgmgr32.dll
0x00000000761c0000 - 0x00000000761cf000 	C:\Program Files\Java\jdk1.8.0_151\jre\bin\verify.dll
0x0000000076190000 - 0x00000000761b9000 	C:\Program Files\Java\jdk1.8.0_151\jre\bin\java.dll
0x00000000741a0000 - 0x00000000741c3000 	C:\Program Files\Java\jdk1.8.0_151\jre\bin\instrument.dll
0x0000000074260000 - 0x0000000074276000 	C:\Program Files\Java\jdk1.8.0_151\jre\bin\zip.dll
0x00007ffc47810000 - 0x00007ffc48c55000 	C:\WINDOWS\System32\SHELL32.dll
0x00007ffc46ea0000 - 0x00007ffc46f49000 	C:\WINDOWS\System32\shcore.dll
0x00007ffc45bc0000 - 0x00007ffc462d5000 	C:\WINDOWS\System32\windows.storage.dll
0x00007ffc469a0000 - 0x00007ffc469f1000 	C:\WINDOWS\System32\shlwapi.dll
0x00007ffc45520000 - 0x00007ffc45531000 	C:\WINDOWS\System32\kernel.appcore.dll
0x00007ffc45540000 - 0x00007ffc4555f000 	C:\WINDOWS\System32\profapi.dll
0x00007ffc45560000 - 0x00007ffc455ac000 	C:\WINDOWS\System32\powrprof.dll
0x00007ffc45510000 - 0x00007ffc4551a000 	C:\WINDOWS\System32\FLTLIB.DLL
0x00007ffc39280000 - 0x00007ffc3929a000 	C:\Program Files\Android\Android Studio\bin\breakgen64.dll
0x0000000074240000 - 0x000000007425a000 	C:\Program Files\Java\jdk1.8.0_151\jre\bin\net.dll
0x00007ffc44d90000 - 0x00007ffc44df6000 	C:\WINDOWS\system32\mswsock.dll
0x0000000074220000 - 0x0000000074231000 	C:\Program Files\Java\jdk1.8.0_151\jre\bin\nio.dll
0x00007ffc44f40000 - 0x00007ffc44f57000 	C:\WINDOWS\SYSTEM32\CRYPTSP.dll
0x00007ffc44940000 - 0x00007ffc44973000 	C:\WINDOWS\system32\rsaenh.dll
0x00007ffc45070000 - 0x00007ffc45095000 	C:\WINDOWS\SYSTEM32\bcrypt.dll
0x00007ffc45410000 - 0x00007ffc45438000 	C:\WINDOWS\SYSTEM32\USERENV.dll
0x00007ffc44f60000 - 0x00007ffc44f6b000 	C:\WINDOWS\SYSTEM32\CRYPTBASE.dll
0x00007ffc44ae0000 - 0x00007ffc44b18000 	C:\WINDOWS\SYSTEM32\IPHLPAPI.DLL
0x00007ffc46830000 - 0x00007ffc46838000 	C:\WINDOWS\System32\NSI.dll
0x00007ffc3ab30000 - 0x00007ffc3ab46000 	C:\WINDOWS\SYSTEM32\dhcpcsvc6.DLL
0x00007ffc3b7d0000 - 0x00007ffc3b7ea000 	C:\WINDOWS\SYSTEM32\dhcpcsvc.DLL
0x00000000741e0000 - 0x0000000074204000 	C:\Program Files\Java\jdk1.8.0_151\jre\bin\sunec.dll
0x00000000741d0000 - 0x00000000741db000 	C:\Program Files\Java\jdk1.8.0_151\jre\bin\sunmscapi.dll
0x00007ffc46430000 - 0x00007ffc46612000 	C:\WINDOWS\System32\CRYPT32.dll
0x00007ffc455b0000 - 0x00007ffc455c2000 	C:\WINDOWS\System32\MSASN1.dll
0x0000000074000000 - 0x0000000074198000 	C:\Program Files\Java\jdk1.8.0_151\jre\bin\awt.dll
0x00007ffc49110000 - 0x00007ffc491d2000 	C:\WINDOWS\System32\OLEAUT32.dll
0x00007ffc43a30000 - 0x00007ffc43abb000 	C:\WINDOWS\SYSTEM32\apphelp.dll
0x00007ffc31a30000 - 0x00007ffc31bf9000 	C:\WINDOWS\SYSTEM32\dbghelp.dll

VM Arguments:
jvm_args: -ea -Didea.test.cyclic.buffer.size=1048576 -javaagent:C:\Program Files\Android\Android Studio\lib\idea_rt.jar=54731:C:\Program Files\Android\Android Studio\bin -Dfile.encoding=UTF-8 
java_command: com.intellij.rt.junit.JUnitStarter -ideVersion5 -junit4 com.example.sampleunittesting.MainActivityTest
java_class_path (initial): C:\Program Files\Android\Android Studio\lib\idea_rt.jar;C:\Program Files\Android\Android Studio\plugins\junit\lib\junit5-rt.jar;C:\Program Files\Android\Android Studio\plugins\junit\lib\junit-rt.jar;C:\Users\hp\AppData\Local\Android\sdk1\platforms\android-29\data\res;C:\Mobile\Prasath\Vajro\SampleUnitTesting\app\build\intermediates\javac\debug\classes;C:\Mobile\Prasath\Vajro\SampleUnitTesting\app\build\intermediates\unit_test_config_directory\debugUnitTest\out;C:\Mobile\Prasath\Vajro\SampleUnitTesting\app\build\tmp\kotlin-classes\debugUnitTest;C:\Mobile\Prasath\Vajro\SampleUnitTesting\app\build\intermediates\compile_and_runtime_not_namespaced_r_class_jar\debug\R.jar;C:\Mobile\Prasath\Vajro\SampleUnitTesting\app\build\tmp\kotlin-classes\debugAndroidTest;C:\Mobile\Prasath\Vajro\SampleUnitTesting\app\build\intermediates\compile_and_runtime_not_namespaced_r_class_jar\debugAndroidTest\R.jar;C:\Mobile\Prasath\Vajro\SampleUnitTesting\app\build\tmp\kotlin-classes\debug;C:\Users\hp\.gradle\caches\modules-2\files-2.1\org.hamcrest\hamcrest-integration\1.3\5de0c73fef18917cd85d0ab70bb23818685e4dfd\hamcrest-integration-1.3.jar;C:\Users\hp\.gradle\caches\modules-2\files-2.1\org.hamcrest\hamcrest-library\1.3\4785a3c21320980282f9f33d0d1264a69040538f\hamcrest-library-1.3.jar;C:\Users\hp\.gradle\caches\modules-2\files-2.1\org.hamcrest\hamcrest-core\1.3\42a25dc3219429f0e5d060061f71acb49bf010a0\hamcrest-core-1.3.jar;C:\Users\hp\.gradle\caches\modules-2\files-2.1\net.sf.kxml\kxml2\2.3.0\ccbc77a5fd907ef863c29f3596c6f54ffa4e9442\kxml2-2.3.0.jar;C:\Users\hp\.gradle\caches\modules-2\files-2.1\com.squareup\javawriter\2.1.1\67ff45d9ae02e583d0f9b3432a5ebbe05c30c966\javawriter-2.1.1.jar;C:\Users\hp\.gradle\caches\modules-2\files-2.1\javax.inject\javax.inject\1\6975da39a7040257bd51d21a231b76c915872d38\javax.inject-1.jar;C:\Users\hp\.gradle\caches\transforms-2\files-2.1\f30cf7e327badd1ff497a2f52c5cc4f8\espresso-core-3.2.0\jars\classes.jar;C:\Users\hp\.gradle\caches\tra
Launcher Type: SUN_STANDARD

Environment Variables:
JAVA_HOME=C:\Program Files\Java\jdk1.8.0_151
PATH=C:\Program Files (x86)\Common Files\Oracle\Java\javapath;C:\ProgramData\Oracle\Java\javapath;C:\WINDOWS\system32;C:\WINDOWS;C:\WINDOWS\System32\Wbem;C:\WINDOWS\System32\WindowsPowerShell\v1.0\;C:\Users\hp\AppData\Local\Android\sdk1\platform-tools;C:\Users\hp\AppData\Local\Android\sdk1\tools;C:\Program Files\Common Files\Autodesk Shared\;C:\WINDOWS\System32\OpenSSH\;C:\xampp\php;C:\Program Files\nodejs\;C:\composer;C:\Users\hp\.gradle\wrapper\dists\gradle-4.10.3-all\81msde2dx9p4vji0mjgtvxkcb\gradle-4.10.3\bin;C:\Program Files\Git\cmd;C:\Program Files (x86)\WinAnt\bin;C:\Users\hp\AppData\Local\Microsoft\WindowsApps;C:\Users\hp\AppData\Roaming\Composer\vendor\bin;C:\Users\hp\AppData\Local\Programs\Microsoft VS Code\bin;C:\Users\hp\AppData\Roaming\npm
USERNAME=hp
OS=Windows_NT
PROCESSOR_IDENTIFIER=Intel64 Family 6 Model 60 Stepping 3, GenuineIntel



---------------  S Y S T E M  ---------------

OS: Windows 10.0 , 64 bit Build 17134 (10.0.17134.1425)

CPU:total 4 (initial active 4) (2 cores per cpu, 2 threads per core) family 6 model 60 stepping 3, cmov, cx8, fxsr, mmx, sse, sse2, sse3, ssse3, sse4.1, sse4.2, popcnt, avx, avx2, aes, clmul, erms, lzcnt, ht, tsc, tscinvbit, bmi1, bmi2

Memory: 4k page, physical 8291724k(874588k free), swap 28214668k(16796240k free)

vm_info: Java HotSpot(TM) 64-Bit Server VM (25.151-b12) for windows-amd64 JRE (1.8.0_151-b12), built on Sep  5 2017 19:33:46 by "java_re" with MS VC++ 10.0 (VS2010)

time: Sat Jul 25 12:26:08 2020
elapsed time: 51 seconds (0d 0h 0m 51s)

