#
# A fatal error has been detected by the Java Runtime Environment:
#
#  EXCEPTION_ACCESS_VIOLATION (0xc0000005) at pc=0x00000000742c3908, pid=9276, tid=0x00000000000010d4
#
# JRE version: Java(TM) SE Runtime Environment (8.0_151-b12) (build 1.8.0_151-b12)
# Java VM: Java HotSpot(TM) 64-Bit Server VM (25.151-b12 mixed mode windows-amd64 compressed oops)
# Problematic frame:
# V  [jvm.dll+0x43908]
#
# Failed to write core dump. Minidumps are not enabled by default on client versions of Windows
#
# If you would like to submit a bug report, please visit:
#   http://bugreport.java.com/bugreport/crash.jsp
#

---------------  T H R E A D  ---------------

Current thread (0x0000000017c81000):  JavaThread "C1 CompilerThread2" daemon [_thread_in_vm, id=4308, stack(0x00000000199b0000,0x0000000019ab0000)]

siginfo: ExceptionCode=0xc0000005, reading address 0xffffffffffffffff

Registers:
RAX=0x0000000017c81000, RBX=0x0000000002eb72f0, RCX=0x0000000002eb72f0, RDX=0x0000000002eb72f0
RSP=0x0000000019aad140, RBP=0x000000001b484970, RSI=0x0000000002eb72f0, RDI=0x0000000000000000
R8 =0x787bb290ffff0013, R9 =0x0000000000000000, R10=0x000000001b484ba0, R11=0x0000000019ff9390
R12=0x0000000017c81000, R13=0x000000001b484970, R14=0x000000001a3e9630, R15=0x00000000000000b6
RIP=0x00000000742c3908, EFLAGS=0x0000000000010202

Top of Stack: (sp=0x0000000019aad140)
0x0000000019aad140:   00000000000000b6 0000000019aaf6f0
0x0000000019aad150:   00000000000000b6 0000000000000077
0x0000000019aad160:   000000001e950428 0000000019aaf6f0
0x0000000019aad170:   0000000019aad250 00000000742afef5
0x0000000019aad180:   00000000000000e7 00000000742c3c99
0x0000000019aad190:   0000000000000077 0000000000000077
0x0000000019aad1a0:   0000000000000000 0000000000000000
0x0000000019aad1b0:   0000000000000000 000000001c3e9380
0x0000000019aad1c0:   0000000002e73090 00000000742c1f7b
0x0000000019aad1d0:   0000000000000000 0000000017c81000
0x0000000019aad1e0:   000000001a3ea7a0 00000000742acf6f
0x0000000019aad1f0:   0000000017c81000 00000000742c7280
0x0000000019aad200:   0000000017c81000 0000000017c81000
0x0000000019aad210:   000000001c3e9380 00000000746a12cb
0x0000000019aad220:   0000000000000000 0000000000000000
0x0000000019aad230:   000000001a3ea7a0 00000000000000b7 

Instructions: (pc=0x00000000742c3908)
0x00000000742c38e8:   00 48 8b da ff 15 fe 9a 59 00 44 0f b6 05 d2 07
0x00000000742c38f8:   7b 00 4c 8b e0 45 84 c0 74 39 4c 8b 03 48 8b cb
0x00000000742c3908:   41 ff 50 08 84 c0 74 2b 83 7b 08 00 7e 25 0f b6
0x00000000742c3918:   83 0e 01 00 00 c0 e8 03 a8 01 74 17 48 8b 03 48 


Register to memory mapping:

RAX=0x0000000017c81000 is a thread
RBX=0x0000000002eb72f0 is an unknown value
RCX=0x0000000002eb72f0 is an unknown value
RDX=0x0000000002eb72f0 is an unknown value
RSP=0x0000000019aad140 is pointing into the stack for thread: 0x0000000017c81000
RBP=0x000000001b484970 is an unknown value
RSI=0x0000000002eb72f0 is an unknown value
RDI=0x0000000000000000 is an unknown value
R8 =0x787bb290ffff0013 is an unknown value
R9 =0x0000000000000000 is an unknown value
R10=0x000000001b484ba0 is an unknown value
R11=0x0000000019ff9390 is an unknown value
R12=0x0000000017c81000 is a thread
R13=0x000000001b484970 is an unknown value
R14=0x000000001a3e9630 is an unknown value
R15=0x00000000000000b6 is an unknown value


Stack: [0x00000000199b0000,0x0000000019ab0000],  sp=0x0000000019aad140,  free space=1012k
Native frames: (J=compiled Java code, j=interpreted, Vv=VM code, C=native code)
V  [jvm.dll+0x43908]
V  [jvm.dll+0x43c99]
V  [jvm.dll+0x41f7b]
V  [jvm.dll+0x4212cb]
V  [jvm.dll+0x41c0b3]
V  [jvm.dll+0x41ef17]
V  [jvm.dll+0x41f6db]
V  [jvm.dll+0x4205d6]
V  [jvm.dll+0x420838]
V  [jvm.dll+0x420c6b]
V  [jvm.dll+0x4207c5]
V  [jvm.dll+0x41c532]
V  [jvm.dll+0x41ef17]
V  [jvm.dll+0x41f6db]
V  [jvm.dll+0x4205d6]
V  [jvm.dll+0x420838]
V  [jvm.dll+0x420c6b]
V  [jvm.dll+0x4207c5]
V  [jvm.dll+0x41c532]
V  [jvm.dll+0x41ef17]
V  [jvm.dll+0x41f80d]
V  [jvm.dll+0x4205d6]
V  [jvm.dll+0x420838]
V  [jvm.dll+0x420c6b]
V  [jvm.dll+0x4207c5]
V  [jvm.dll+0x41c532]
V  [jvm.dll+0x41ef17]
V  [jvm.dll+0x41f6db]
V  [jvm.dll+0x4205d6]
V  [jvm.dll+0x420838]
V  [jvm.dll+0x420c6b]
V  [jvm.dll+0x4207c5]
V  [jvm.dll+0x41c532]
V  [jvm.dll+0x41ef17]
V  [jvm.dll+0x41f80d]
V  [jvm.dll+0x4205d6]
V  [jvm.dll+0x420838]
V  [jvm.dll+0x420c6b]
V  [jvm.dll+0x4207c5]
V  [jvm.dll+0x41c532]
V  [jvm.dll+0x41ef17]
V  [jvm.dll+0x41f6db]
V  [jvm.dll+0x4205d6]
V  [jvm.dll+0x420838]
V  [jvm.dll+0x41c532]
V  [jvm.dll+0x41ef17]
V  [jvm.dll+0x41f6db]
V  [jvm.dll+0x4205d6]
V  [jvm.dll+0x420838]
V  [jvm.dll+0x41c532]
V  [jvm.dll+0x41ef17]
V  [jvm.dll+0x41f80d]
V  [jvm.dll+0x41fc02]
V  [jvm.dll+0x424ce5]
V  [jvm.dll+0x424df0]
V  [jvm.dll+0x40e588]
V  [jvm.dll+0x40e7f1]
V  [jvm.dll+0x40e9b2]
V  [jvm.dll+0x40eb81]
V  [jvm.dll+0x40ed8f]
V  [jvm.dll+0xa5be2]
V  [jvm.dll+0xa651f]
V  [jvm.dll+0x244adf]
V  [jvm.dll+0x29c3ea]
C  [msvcr100.dll+0x21d9f]
C  [msvcr100.dll+0x21e3b]
C  [KERNEL32.DLL+0x14034]
C  [ntdll.dll+0x73691]


Current CompileTask:
C1:  12772 6249       3       android.content.res.TypedArray::$$robo$$android_content_res_TypedArray$loadStringValueAt (51 bytes)


---------------  P R O C E S S  ---------------

Java Threads: ( => current thread )
  0x000000001bfb8000 JavaThread "Java2D Disposer" daemon [_thread_blocked, id=11232, stack(0x000000001d100000,0x000000001d200000)]
  0x000000001b1ab800 JavaThread "SDK 28 Main Thread" [_thread_in_Java, id=11704, stack(0x000000001c8c0000,0x000000001c9c0000)]
  0x0000000019364800 JavaThread "Service Thread" daemon [_thread_blocked, id=10528, stack(0x0000000019ab0000,0x0000000019bb0000)]
=>0x0000000017c81000 JavaThread "C1 CompilerThread2" daemon [_thread_in_vm, id=4308, stack(0x00000000199b0000,0x0000000019ab0000)]
  0x0000000017c80800 JavaThread "C2 CompilerThread1" daemon [_thread_in_native, id=2724, stack(0x00000000198b0000,0x00000000199b0000)]
  0x0000000017c7d800 JavaThread "C2 CompilerThread0" daemon [_thread_blocked, id=11820, stack(0x00000000197b0000,0x00000000198b0000)]
  0x0000000017c7c000 JavaThread "Monitor Ctrl-Break" daemon [_thread_in_native, id=2980, stack(0x00000000196b0000,0x00000000197b0000)]
  0x0000000017c4e000 JavaThread "Attach Listener" daemon [_thread_blocked, id=584, stack(0x00000000191b0000,0x00000000192b0000)]
  0x0000000017c4b000 JavaThread "Signal Dispatcher" daemon [_thread_blocked, id=7360, stack(0x00000000190b0000,0x00000000191b0000)]
  0x0000000002f5e800 JavaThread "Finalizer" daemon [_thread_blocked, id=11868, stack(0x0000000018ec0000,0x0000000018fc0000)]
  0x0000000017c09000 JavaThread "Reference Handler" daemon [_thread_blocked, id=3032, stack(0x0000000018dc0000,0x0000000018ec0000)]
  0x0000000002e64000 JavaThread "main" [_thread_blocked, id=10716, stack(0x0000000002d60000,0x0000000002e60000)]

Other Threads:
  0x0000000017c07800 VMThread [stack: 0x0000000018cc0000,0x0000000018dc0000] [id=10128]
  0x00000000193fd000 WatcherThread [stack: 0x0000000019bb0000,0x0000000019cb0000] [id=5796]

VM state:not at safepoint (normal execution)

VM Mutex/Monitor currently owned by a thread: None

Heap:
 PSYoungGen      total 365056K, used 252475K [0x00000000d5d00000, 0x00000000f1480000, 0x0000000100000000)
  eden space 351232K, 67% used [0x00000000d5d00000,0x00000000e460eff0,0x00000000eb400000)
  from space 13824K, 99% used [0x00000000eb400000,0x00000000ec17fce0,0x00000000ec180000)
  to   space 16896K, 0% used [0x00000000f0400000,0x00000000f0400000,0x00000000f1480000)
 ParOldGen       total 187904K, used 60565K [0x0000000081600000, 0x000000008cd80000, 0x00000000d5d00000)
  object space 187904K, 32% used [0x0000000081600000,0x0000000085125618,0x000000008cd80000)
 Metaspace       used 57748K, capacity 65972K, committed 66304K, reserved 1105920K
  class space    used 6953K, capacity 9364K, committed 9472K, reserved 1048576K

Card table byte_map: [0x00000000124a0000,0x00000000128a0000] byte_map_base: 0x0000000012095000

Marking Bits: (ParMarkBitMap*) 0x0000000074a9d850
 Begin Bits: [0x0000000012f50000, 0x0000000014ef8000)
 End Bits:   [0x0000000014ef8000, 0x0000000016ea0000)

Polling page: 0x00000000012c0000

CodeCache: size=245760Kb used=16412Kb max_used=16425Kb free=229347Kb
 bounds [0x00000000030e0000, 0x0000000004100000, 0x00000000120e0000]
 total_blobs=6689 nmethods=5280 adapters=1321
 compilation: enabled

Compilation events (10 events):
Event: 12.679 Thread 0x0000000017c81000 nmethod 6243 0x00000000036c2850 code [0x00000000036c2a00, 0x00000000036c30d8]
Event: 12.680 Thread 0x0000000017c81000 6244       3       android.view.View::requestLayout (7 bytes)
Event: 12.680 Thread 0x0000000017c7d800 6246       4       org.robolectric.res.android.ResourceTypes$ResTable_entry::<init> (42 bytes)
Event: 12.681 Thread 0x0000000017c80800 6247       4       org.robolectric.res.android.CppAssetManager2::FindEntry (788 bytes)
Event: 12.682 Thread 0x0000000017c81000 nmethod 6244 0x00000000040f4850 code [0x00000000040f4c20, 0x00000000040f6dc8]
Event: 12.682 Thread 0x0000000017c81000 6245       3       org.robolectric.shadows.ShadowView::requestLayout (13 bytes)
Event: 12.682 Thread 0x0000000017c81000 nmethod 6245 0x0000000004068790 code [0x0000000004068920, 0x0000000004068d98]
Event: 12.683 Thread 0x0000000017c81000 6248       3       android.content.res.TypedArray::loadStringValueAt (8 bytes)
Event: 12.685 Thread 0x0000000017c81000 nmethod 6248 0x00000000040f8a50 code [0x00000000040f8d80, 0x00000000040fa8a8]
Event: 12.685 Thread 0x0000000017c81000 6249       3       android.content.res.TypedArray::$$robo$$android_content_res_TypedArray$loadStringValueAt (51 bytes)

GC Heap History (10 events):
Event: 6.942 GC heap before
{Heap before GC invocations=12 (full 2):
 PSYoungGen      total 273408K, used 268062K [0x00000000d5d00000, 0x00000000e8a80000, 0x0000000100000000)
  eden space 262144K, 100% used [0x00000000d5d00000,0x00000000e5d00000,0x00000000e5d00000)
  from space 11264K, 52% used [0x00000000e5d00000,0x00000000e62c7a18,0x00000000e6800000)
  to   space 11264K, 0% used [0x00000000e7f80000,0x00000000e7f80000,0x00000000e8a80000)
 ParOldGen       total 155648K, used 45239K [0x0000000081600000, 0x000000008ae00000, 0x00000000d5d00000)
  object space 155648K, 29% used [0x0000000081600000,0x000000008422deb0,0x000000008ae00000)
 Metaspace       used 35100K, capacity 38267K, committed 38400K, reserved 1083392K
  class space    used 3812K, capacity 4799K, committed 4864K, reserved 1048576K
Event: 6.955 GC heap after
Heap after GC invocations=12 (full 2):
 PSYoungGen      total 296960K, used 10121K [0x00000000d5d00000, 0x00000000eb380000, 0x0000000100000000)
  eden space 285696K, 0% used [0x00000000d5d00000,0x00000000d5d00000,0x00000000e7400000)
  from space 11264K, 89% used [0x00000000e7f80000,0x00000000e8962470,0x00000000e8a80000)
  to   space 11776K, 0% used [0x00000000e7400000,0x00000000e7400000,0x00000000e7f80000)
 ParOldGen       total 155648K, used 45247K [0x0000000081600000, 0x000000008ae00000, 0x00000000d5d00000)
  object space 155648K, 29% used [0x0000000081600000,0x000000008422feb0,0x000000008ae00000)
 Metaspace       used 35100K, capacity 38267K, committed 38400K, reserved 1083392K
  class space    used 3812K, capacity 4799K, committed 4864K, reserved 1048576K
}
Event: 7.846 GC heap before
{Heap before GC invocations=13 (full 2):
 PSYoungGen      total 296960K, used 188092K [0x00000000d5d00000, 0x00000000eb380000, 0x0000000100000000)
  eden space 285696K, 62% used [0x00000000d5d00000,0x00000000e0accbd8,0x00000000e7400000)
  from space 11264K, 89% used [0x00000000e7f80000,0x00000000e8962470,0x00000000e8a80000)
  to   space 11776K, 0% used [0x00000000e7400000,0x00000000e7400000,0x00000000e7f80000)
 ParOldGen       total 155648K, used 45247K [0x0000000081600000, 0x000000008ae00000, 0x00000000d5d00000)
  object space 155648K, 29% used [0x0000000081600000,0x000000008422feb0,0x000000008ae00000)
 Metaspace       used 40483K, capacity 44881K, committed 45016K, reserved 1089536K
  class space    used 4549K, capacity 5965K, committed 6016K, reserved 1048576K
Event: 7.867 GC heap after
Heap after GC invocations=13 (full 2):
 PSYoungGen      total 297472K, used 11751K [0x00000000d5d00000, 0x00000000ed300000, 0x0000000100000000)
  eden space 285696K, 0% used [0x00000000d5d00000,0x00000000d5d00000,0x00000000e7400000)
  from space 11776K, 99% used [0x00000000e7400000,0x00000000e7f79f38,0x00000000e7f80000)
  to   space 13824K, 0% used [0x00000000ec580000,0x00000000ec580000,0x00000000ed300000)
 ParOldGen       total 155648K, used 47120K [0x0000000081600000, 0x000000008ae00000, 0x00000000d5d00000)
  object space 155648K, 30% used [0x0000000081600000,0x0000000084404288,0x000000008ae00000)
 Metaspace       used 40483K, capacity 44881K, committed 45016K, reserved 1089536K
  class space    used 4549K, capacity 5965K, committed 6016K, reserved 1048576K
}
Event: 7.867 GC heap before
{Heap before GC invocations=14 (full 3):
 PSYoungGen      total 297472K, used 11751K [0x00000000d5d00000, 0x00000000ed300000, 0x0000000100000000)
  eden space 285696K, 0% used [0x00000000d5d00000,0x00000000d5d00000,0x00000000e7400000)
  from space 11776K, 99% used [0x00000000e7400000,0x00000000e7f79f38,0x00000000e7f80000)
  to   space 13824K, 0% used [0x00000000ec580000,0x00000000ec580000,0x00000000ed300000)
 ParOldGen       total 155648K, used 47120K [0x0000000081600000, 0x000000008ae00000, 0x00000000d5d00000)
  object space 155648K, 30% used [0x0000000081600000,0x0000000084404288,0x000000008ae00000)
 Metaspace       used 40483K, capacity 44881K, committed 45016K, reserved 1089536K
  class space    used 4549K, capacity 5965K, committed 6016K, reserved 1048576K
Event: 8.024 GC heap after
Heap after GC invocations=14 (full 3):
 PSYoungGen      total 297472K, used 0K [0x00000000d5d00000, 0x00000000ed300000, 0x0000000100000000)
  eden space 285696K, 0% used [0x00000000d5d00000,0x00000000d5d00000,0x00000000e7400000)
  from space 11776K, 0% used [0x00000000e7400000,0x00000000e7400000,0x00000000e7f80000)
  to   space 13824K, 0% used [0x00000000ec580000,0x00000000ec580000,0x00000000ed300000)
 ParOldGen       total 187904K, used 56085K [0x0000000081600000, 0x000000008cd80000, 0x00000000d5d00000)
  object space 187904K, 29% used [0x0000000081600000,0x0000000084cc5598,0x000000008cd80000)
 Metaspace       used 40483K, capacity 44881K, committed 45016K, reserved 1089536K
  class space    used 4549K, capacity 5965K, committed 6016K, reserved 1048576K
}
Event: 9.234 GC heap before
{Heap before GC invocations=15 (full 3):
 PSYoungGen      total 297472K, used 285696K [0x00000000d5d00000, 0x00000000ed300000, 0x0000000100000000)
  eden space 285696K, 100% used [0x00000000d5d00000,0x00000000e7400000,0x00000000e7400000)
  from space 11776K, 0% used [0x00000000e7400000,0x00000000e7400000,0x00000000e7f80000)
  to   space 13824K, 0% used [0x00000000ec580000,0x00000000ec580000,0x00000000ed300000)
 ParOldGen       total 187904K, used 56085K [0x0000000081600000, 0x000000008cd80000, 0x00000000d5d00000)
  object space 187904K, 29% used [0x0000000081600000,0x0000000084cc5598,0x000000008cd80000)
 Metaspace       used 47107K, capacity 52786K, committed 52992K, reserved 1095680K
  class space    used 5615K, capacity 7350K, committed 7424K, reserved 1048576K
Event: 9.252 GC heap after
Heap after GC invocations=15 (full 3):
 PSYoungGen      total 355328K, used 9302K [0x00000000d5d00000, 0x00000000ecf00000, 0x0000000100000000)
  eden space 345600K, 0% used [0x00000000d5d00000,0x00000000d5d00000,0x00000000eae80000)
  from space 9728K, 95% used [0x00000000ec580000,0x00000000ece95968,0x00000000ecf00000)
  to   space 13824K, 0% used [0x00000000eb400000,0x00000000eb400000,0x00000000ec180000)
 ParOldGen       total 187904K, used 56093K [0x0000000081600000, 0x000000008cd80000, 0x00000000d5d00000)
  object space 187904K, 29% used [0x0000000081600000,0x0000000084cc7598,0x000000008cd80000)
 Metaspace       used 47107K, capacity 52786K, committed 52992K, reserved 1095680K
  class space    used 5615K, capacity 7350K, committed 7424K, reserved 1048576K
}
Event: 10.943 GC heap before
{Heap before GC invocations=16 (full 3):
 PSYoungGen      total 355328K, used 354902K [0x00000000d5d00000, 0x00000000ecf00000, 0x0000000100000000)
  eden space 345600K, 100% used [0x00000000d5d00000,0x00000000eae80000,0x00000000eae80000)
  from space 9728K, 95% used [0x00000000ec580000,0x00000000ece95968,0x00000000ecf00000)
  to   space 13824K, 0% used [0x00000000eb400000,0x00000000eb400000,0x00000000ec180000)
 ParOldGen       total 187904K, used 56093K [0x0000000081600000, 0x000000008cd80000, 0x00000000d5d00000)
  object space 187904K, 29% used [0x0000000081600000,0x0000000084cc7598,0x000000008cd80000)
 Metaspace       used 56719K, capacity 64354K, committed 64512K, reserved 1103872K
  class space    used 6896K, capacity 9206K, committed 9216K, reserved 1048576K
Event: 10.977 GC heap after
Heap after GC invocations=16 (full 3):
 PSYoungGen      total 365056K, used 13823K [0x00000000d5d00000, 0x00000000f1480000, 0x0000000100000000)
  eden space 351232K, 0% used [0x00000000d5d00000,0x00000000d5d00000,0x00000000eb400000)
  from space 13824K, 99% used [0x00000000eb400000,0x00000000ec17fce0,0x00000000ec180000)
  to   space 16896K, 0% used [0x00000000f0400000,0x00000000f0400000,0x00000000f1480000)
 ParOldGen       total 187904K, used 60565K [0x0000000081600000, 0x000000008cd80000, 0x00000000d5d00000)
  object space 187904K, 32% used [0x0000000081600000,0x0000000085125618,0x000000008cd80000)
 Metaspace       used 56719K, capacity 64354K, committed 64512K, reserved 1103872K
  class space    used 6896K, capacity 9206K, committed 9216K, reserved 1048576K
}

Deoptimization events (10 events):
Event: 11.000 Thread 0x0000000002e64000 Uncommon trap: reason=class_check action=maybe_recompile pc=0x0000000003aee3f8 method=com.google.common.collect.ImmutableSet$RegularSetBuilderImpl.add(Ljava/lang/Object;)Lcom/google/common/collect/ImmutableSet$SetBuilderImpl; @ 6
Event: 11.000 Thread 0x0000000002e64000 Uncommon trap: reason=class_check action=maybe_recompile pc=0x0000000003aee3f8 method=com.google.common.collect.ImmutableSet$RegularSetBuilderImpl.add(Ljava/lang/Object;)Lcom/google/common/collect/ImmutableSet$SetBuilderImpl; @ 6
Event: 11.000 Thread 0x0000000002e64000 Uncommon trap: reason=class_check action=maybe_recompile pc=0x0000000003aee3f8 method=com.google.common.collect.ImmutableSet$RegularSetBuilderImpl.add(Ljava/lang/Object;)Lcom/google/common/collect/ImmutableSet$SetBuilderImpl; @ 6
Event: 11.000 Thread 0x0000000002e64000 Uncommon trap: reason=class_check action=maybe_recompile pc=0x0000000003aee3f8 method=com.google.common.collect.ImmutableSet$RegularSetBuilderImpl.add(Ljava/lang/Object;)Lcom/google/common/collect/ImmutableSet$SetBuilderImpl; @ 6
Event: 11.004 Thread 0x000000001b1ab800 Uncommon trap: reason=unstable_if action=reinterpret pc=0x0000000003586fac method=java.util.Arrays.hashCode([Ljava/lang/Object;)I @ 34
Event: 11.689 Thread 0x000000001b1ab800 Uncommon trap: reason=unstable_if action=reinterpret pc=0x0000000003735878 method=org.robolectric.res.android.ResTable_config.match(Lorg/robolectric/res/android/ResTable_config;)Z @ 531
Event: 11.759 Thread 0x000000001b1ab800 Uncommon trap: reason=unstable_if action=reinterpret pc=0x0000000003f3c4b0 method=org.robolectric.res.android.CppAssetManager2$Theme.SetTo(Lorg/robolectric/res/android/CppAssetManager2$Theme;)Z @ 208
Event: 11.997 Thread 0x000000001b1ab800 Uncommon trap: reason=bimorphic action=maybe_recompile pc=0x00000000032fab14 method=java.util.AbstractList.listIterator()Ljava/util/ListIterator; @ 2
Event: 12.070 Thread 0x000000001b1ab800 Uncommon trap: reason=unstable_if action=reinterpret pc=0x0000000003809b20 method=org.robolectric.res.android.ResTable_config.match(Lorg/robolectric/res/android/ResTable_config;)Z @ 746
Event: 12.628 Thread 0x000000001b1ab800 Uncommon trap: reason=unstable_if action=reinterpret pc=0x00000000037aa0d4 method=com.google.common.base.Objects.equal(Ljava/lang/Object;Ljava/lang/Object;)Z @ 2

Internal exceptions (10 events):
Event: 10.656 Thread 0x000000001b1ab800 Implicit null exception at 0x00000000034c0798 to 0x00000000034c087f
Event: 10.656 Thread 0x000000001b1ab800 Exception <a 'java/lang/NullPointerException'> (0x00000000e89ad980) thrown at [C:\re\workspace\8-2-build-windows-amd64-cygwin\jdk8u151\9699\hotspot\src\share\vm\runtime\sharedRuntime.cpp, line 605]
Event: 10.656 Thread 0x000000001b1ab800 Exception <a 'java/lang/reflect/InvocationTargetException'> (0x00000000e89adb88) thrown at [C:\re\workspace\8-2-build-windows-amd64-cygwin\jdk8u151\9699\hotspot\src\share\vm\runtime\reflection.cpp, line 1092]
Event: 10.661 Thread 0x000000001b1ab800 Exception <a 'java/lang/NullPointerException'> (0x00000000e89ad980) thrown at [C:\re\workspace\8-2-build-windows-amd64-cygwin\jdk8u151\9699\hotspot\src\share\vm\prims\jni.cpp, line 709]
Event: 10.905 Thread 0x000000001b1ab800 Exception <a 'java/lang/NoSuchMethodError': java.lang.Object.lambda$get$0(Ljava/lang/Object;)V> (0x00000000ea9f1678) thrown at [C:\re\workspace\8-2-build-windows-amd64-cygwin\jdk8u151\9699\hotspot\src\share\vm\interpreter\linkResolver.cpp, line 618]
Event: 10.979 Thread 0x0000000002e64000 Exception <a 'java/lang/NullPointerException'> (0x00000000eb716b98) thrown at [C:\re\workspace\8-2-build-windows-amd64-cygwin\jdk8u151\9699\hotspot\src\share\vm\prims\jni.cpp, line 709]
Event: 11.004 Thread 0x000000001b1ab800 Implicit null exception at 0x0000000003586eef to 0x0000000003586f8d
Event: 11.696 Thread 0x000000001b1ab800 Exception <a 'sun/nio/fs/WindowsException'> (0x00000000d679b798) thrown at [C:\re\workspace\8-2-build-windows-amd64-cygwin\jdk8u151\9699\hotspot\src\share\vm\prims\jni.cpp, line 709]
Event: 11.759 Thread 0x000000001b1ab800 Implicit null exception at 0x0000000003f3beba to 0x0000000003f3c481
Event: 12.538 Thread 0x000000001b1ab800 Exception <a 'sun/nio/fs/WindowsException'> (0x00000000de57d140) thrown at [C:\re\workspace\8-2-build-windows-amd64-cygwin\jdk8u151\9699\hotspot\src\share\vm\prims\jni.cpp, line 709]

Events (10 events):
Event: 11.998 Thread 0x0000000017c80800 flushing nmethod 0x0000000003d12410
Event: 11.998 Thread 0x0000000017c80800 flushing nmethod 0x0000000003d12710
Event: 11.998 Thread 0x0000000017c80800 flushing nmethod 0x0000000003d12a10
Event: 11.998 Thread 0x0000000017c80800 flushing nmethod 0x0000000003d4f710
Event: 12.070 Thread 0x000000001b1ab800 Uncommon trap: trap_request=0xffffff65 fr.pc=0x0000000003809b20
Event: 12.070 Thread 0x000000001b1ab800 DEOPT PACKING pc=0x0000000003809b20 sp=0x000000001c9bd0b0
Event: 12.070 Thread 0x000000001b1ab800 DEOPT UNPACKING pc=0x000000000312582a sp=0x000000001c9bd050 mode 2
Event: 12.628 Thread 0x000000001b1ab800 Uncommon trap: trap_request=0xffffff65 fr.pc=0x00000000037aa0d4
Event: 12.628 Thread 0x000000001b1ab800 DEOPT PACKING pc=0x00000000037aa0d4 sp=0x000000001c9b3320
Event: 12.628 Thread 0x000000001b1ab800 DEOPT UNPACKING pc=0x000000000312582a sp=0x000000001c9b31b0 mode 2


Dynamic libraries:
0x00007ff7a01e0000 - 0x00007ff7a0217000 	C:\Program Files\Java\jdk1.8.0_151\bin\java.exe
0x00007ffc49210000 - 0x00007ffc493f1000 	C:\WINDOWS\SYSTEM32\ntdll.dll
0x00007ffc48da0000 - 0x00007ffc48e51000 	C:\WINDOWS\System32\KERNEL32.DLL
0x00007ffc455f0000 - 0x00007ffc45863000 	C:\WINDOWS\System32\KERNELBASE.dll
0x00007ffc48c60000 - 0x00007ffc48d01000 	C:\WINDOWS\System32\ADVAPI32.dll
0x00007ffc466a0000 - 0x00007ffc4673e000 	C:\WINDOWS\System32\msvcrt.dll
0x00007ffc477b0000 - 0x00007ffc4780b000 	C:\WINDOWS\System32\sechost.dll
0x00007ffc47000000 - 0x00007ffc47124000 	C:\WINDOWS\System32\RPCRT4.dll
0x00007ffc48f80000 - 0x00007ffc49110000 	C:\WINDOWS\System32\USER32.dll
0x00007ffc455d0000 - 0x00007ffc455f0000 	C:\WINDOWS\System32\win32u.dll
0x00007ffc48e60000 - 0x00007ffc48e88000 	C:\WINDOWS\System32\GDI32.dll
0x00007ffc459d0000 - 0x00007ffc45b63000 	C:\WINDOWS\System32\gdi32full.dll
0x00007ffc462e0000 - 0x00007ffc4637f000 	C:\WINDOWS\System32\msvcp_win.dll
0x00007ffc45870000 - 0x00007ffc45968000 	C:\WINDOWS\System32\ucrtbase.dll
0x00007ffc3a000000 - 0x00007ffc3a269000 	C:\WINDOWS\WinSxS\amd64_microsoft.windows.common-controls_6595b64144ccf1df_6.0.17134.1610_none_d3fd41197c928db6\COMCTL32.dll
0x00007ffc46a00000 - 0x00007ffc46d20000 	C:\WINDOWS\System32\combase.dll
0x00007ffc46620000 - 0x00007ffc46699000 	C:\WINDOWS\System32\bcryptPrimitives.dll
0x00007ffc47190000 - 0x00007ffc471bd000 	C:\WINDOWS\System32\IMM32.DLL
0x0000000074b20000 - 0x0000000074bf2000 	C:\Program Files\Java\jdk1.8.0_151\jre\bin\msvcr100.dll
0x0000000074280000 - 0x0000000074b1d000 	C:\Program Files\Java\jdk1.8.0_151\jre\bin\server\jvm.dll
0x00007ffc46f50000 - 0x00007ffc46f58000 	C:\WINDOWS\System32\PSAPI.DLL
0x00007ffc37630000 - 0x00007ffc3763a000 	C:\WINDOWS\SYSTEM32\VERSION.dll
0x00007ffc43400000 - 0x00007ffc43423000 	C:\WINDOWS\SYSTEM32\WINMM.dll
0x00007ffc319d0000 - 0x00007ffc319d9000 	C:\WINDOWS\SYSTEM32\WSOCK32.dll
0x00007ffc48f10000 - 0x00007ffc48f7c000 	C:\WINDOWS\System32\WS2_32.dll
0x00007ffc43300000 - 0x00007ffc4332a000 	C:\WINDOWS\SYSTEM32\winmmbase.dll
0x00007ffc45b70000 - 0x00007ffc45bb9000 	C:\WINDOWS\System32\cfgmgr32.dll
0x00000000761c0000 - 0x00000000761cf000 	C:\Program Files\Java\jdk1.8.0_151\jre\bin\verify.dll
0x0000000076190000 - 0x00000000761b9000 	C:\Program Files\Java\jdk1.8.0_151\jre\bin\java.dll
0x0000000073fd0000 - 0x0000000073ff3000 	C:\Program Files\Java\jdk1.8.0_151\jre\bin\instrument.dll
0x0000000074260000 - 0x0000000074276000 	C:\Program Files\Java\jdk1.8.0_151\jre\bin\zip.dll
0x00007ffc47810000 - 0x00007ffc48c55000 	C:\WINDOWS\System32\SHELL32.dll
0x00007ffc46ea0000 - 0x00007ffc46f49000 	C:\WINDOWS\System32\shcore.dll
0x00007ffc45bc0000 - 0x00007ffc462d5000 	C:\WINDOWS\System32\windows.storage.dll
0x00007ffc469a0000 - 0x00007ffc469f1000 	C:\WINDOWS\System32\shlwapi.dll
0x00007ffc45520000 - 0x00007ffc45531000 	C:\WINDOWS\System32\kernel.appcore.dll
0x00007ffc45540000 - 0x00007ffc4555f000 	C:\WINDOWS\System32\profapi.dll
0x00007ffc45560000 - 0x00007ffc455ac000 	C:\WINDOWS\System32\powrprof.dll
0x00007ffc45510000 - 0x00007ffc4551a000 	C:\WINDOWS\System32\FLTLIB.DLL
0x00007ffc31d10000 - 0x00007ffc31d2a000 	C:\Program Files\Android\Android Studio\bin\breakgen64.dll
0x0000000074240000 - 0x000000007425a000 	C:\Program Files\Java\jdk1.8.0_151\jre\bin\net.dll
0x00007ffc44d90000 - 0x00007ffc44df6000 	C:\WINDOWS\system32\mswsock.dll
0x0000000074220000 - 0x0000000074231000 	C:\Program Files\Java\jdk1.8.0_151\jre\bin\nio.dll
0x00007ffc44f40000 - 0x00007ffc44f57000 	C:\WINDOWS\SYSTEM32\CRYPTSP.dll
0x00007ffc44940000 - 0x00007ffc44973000 	C:\WINDOWS\system32\rsaenh.dll
0x00007ffc45070000 - 0x00007ffc45095000 	C:\WINDOWS\SYSTEM32\bcrypt.dll
0x00007ffc45410000 - 0x00007ffc45438000 	C:\WINDOWS\SYSTEM32\USERENV.dll
0x00007ffc44f60000 - 0x00007ffc44f6b000 	C:\WINDOWS\SYSTEM32\CRYPTBASE.dll
0x00007ffc44ae0000 - 0x00007ffc44b18000 	C:\WINDOWS\SYSTEM32\IPHLPAPI.DLL
0x00007ffc46830000 - 0x00007ffc46838000 	C:\WINDOWS\System32\NSI.dll
0x00007ffc3ab30000 - 0x00007ffc3ab46000 	C:\WINDOWS\SYSTEM32\dhcpcsvc6.DLL
0x00007ffc3b7d0000 - 0x00007ffc3b7ea000 	C:\WINDOWS\SYSTEM32\dhcpcsvc.DLL
0x00000000741e0000 - 0x0000000074204000 	C:\Program Files\Java\jdk1.8.0_151\jre\bin\sunec.dll
0x00000000741d0000 - 0x00000000741db000 	C:\Program Files\Java\jdk1.8.0_151\jre\bin\sunmscapi.dll
0x00007ffc46430000 - 0x00007ffc46612000 	C:\WINDOWS\System32\CRYPT32.dll
0x00007ffc455b0000 - 0x00007ffc455c2000 	C:\WINDOWS\System32\MSASN1.dll
0x0000000074030000 - 0x00000000741c8000 	C:\Program Files\Java\jdk1.8.0_151\jre\bin\awt.dll
0x00007ffc49110000 - 0x00007ffc491d2000 	C:\WINDOWS\System32\OLEAUT32.dll
0x00007ffc43a30000 - 0x00007ffc43abb000 	C:\WINDOWS\SYSTEM32\apphelp.dll
0x00007ffc31a30000 - 0x00007ffc31bf9000 	C:\WINDOWS\SYSTEM32\dbghelp.dll

VM Arguments:
jvm_args: -ea -Didea.test.cyclic.buffer.size=1048576 -javaagent:C:\Program Files\Android\Android Studio\lib\idea_rt.jar=57174:C:\Program Files\Android\Android Studio\bin -Dfile.encoding=UTF-8 
java_command: com.intellij.rt.junit.JUnitStarter -ideVersion5 -junit4 @w@C:\Users\hp\AppData\Local\Temp\idea_working_dirs_junit.tmp @C:\Users\hp\AppData\Local\Temp\idea_junit.tmp
java_class_path (initial): C:\Program Files\Android\Android Studio\lib\idea_rt.jar;C:\Program Files\Android\Android Studio\plugins\junit\lib\junit5-rt.jar;C:\Program Files\Android\Android Studio\plugins\junit\lib\junit-rt.jar;C:\Users\hp\AppData\Local\Android\sdk1\platforms\android-29\data\res;C:\Mobile\Prasath\Vajro\SampleUnitTesting\app\build\intermediates\javac\debug\classes;C:\Mobile\Prasath\Vajro\SampleUnitTesting\app\build\intermediates\unit_test_config_directory\debugUnitTest\out;C:\Mobile\Prasath\Vajro\SampleUnitTesting\app\build\tmp\kotlin-classes\debugUnitTest;C:\Mobile\Prasath\Vajro\SampleUnitTesting\app\build\intermediates\compile_and_runtime_not_namespaced_r_class_jar\debug\R.jar;C:\Mobile\Prasath\Vajro\SampleUnitTesting\app\build\tmp\kotlin-classes\debugAndroidTest;C:\Mobile\Prasath\Vajro\SampleUnitTesting\app\build\intermediates\compile_and_runtime_not_namespaced_r_class_jar\debugAndroidTest\R.jar;C:\Mobile\Prasath\Vajro\SampleUnitTesting\app\build\tmp\kotlin-classes\debug;C:\Users\hp\.gradle\caches\modules-2\files-2.1\org.hamcrest\hamcrest-integration\1.3\5de0c73fef18917cd85d0ab70bb23818685e4dfd\hamcrest-integration-1.3.jar;C:\Users\hp\.gradle\caches\modules-2\files-2.1\org.hamcrest\hamcrest-library\1.3\4785a3c21320980282f9f33d0d1264a69040538f\hamcrest-library-1.3.jar;C:\Users\hp\.gradle\caches\modules-2\files-2.1\org.hamcrest\hamcrest-core\1.3\42a25dc3219429f0e5d060061f71acb49bf010a0\hamcrest-core-1.3.jar;C:\Users\hp\.gradle\caches\modules-2\files-2.1\net.sf.kxml\kxml2\2.3.0\ccbc77a5fd907ef863c29f3596c6f54ffa4e9442\kxml2-2.3.0.jar;C:\Users\hp\.gradle\caches\modules-2\files-2.1\com.squareup\javawriter\2.1.1\67ff45d9ae02e583d0f9b3432a5ebbe05c30c966\javawriter-2.1.1.jar;C:\Users\hp\.gradle\caches\modules-2\files-2.1\javax.inject\javax.inject\1\6975da39a7040257bd51d21a231b76c915872d38\javax.inject-1.jar;C:\Users\hp\.gradle\caches\transforms-2\files-2.1\f30cf7e327badd1ff497a2f52c5cc4f8\espresso-core-3.2.0\jars\classes.jar;C:\Users\hp\.gradle\caches\tra
Launcher Type: SUN_STANDARD

Environment Variables:
JAVA_HOME=C:\Program Files\Java\jdk1.8.0_151
PATH=C:\Program Files (x86)\Common Files\Oracle\Java\javapath;C:\ProgramData\Oracle\Java\javapath;C:\WINDOWS\system32;C:\WINDOWS;C:\WINDOWS\System32\Wbem;C:\WINDOWS\System32\WindowsPowerShell\v1.0\;C:\Users\hp\AppData\Local\Android\sdk1\platform-tools;C:\Users\hp\AppData\Local\Android\sdk1\tools;C:\Program Files\Common Files\Autodesk Shared\;C:\WINDOWS\System32\OpenSSH\;C:\xampp\php;C:\Program Files\nodejs\;C:\composer;C:\Users\hp\.gradle\wrapper\dists\gradle-4.10.3-all\81msde2dx9p4vji0mjgtvxkcb\gradle-4.10.3\bin;C:\Program Files\Git\cmd;C:\Program Files (x86)\WinAnt\bin;C:\Users\hp\AppData\Local\Microsoft\WindowsApps;C:\Users\hp\AppData\Roaming\Composer\vendor\bin;C:\Users\hp\AppData\Local\Programs\Microsoft VS Code\bin;C:\Users\hp\AppData\Roaming\npm
USERNAME=hp
OS=Windows_NT
PROCESSOR_IDENTIFIER=Intel64 Family 6 Model 60 Stepping 3, GenuineIntel



---------------  S Y S T E M  ---------------

OS: Windows 10.0 , 64 bit Build 17134 (10.0.17134.1425)

CPU:total 4 (initial active 4) (2 cores per cpu, 2 threads per core) family 6 model 60 stepping 3, cmov, cx8, fxsr, mmx, sse, sse2, sse3, ssse3, sse4.1, sse4.2, popcnt, avx, avx2, aes, clmul, erms, lzcnt, ht, tsc, tscinvbit, bmi1, bmi2

Memory: 4k page, physical 8291724k(851252k free), swap 28214668k(12303144k free)

vm_info: Java HotSpot(TM) 64-Bit Server VM (25.151-b12) for windows-amd64 JRE (1.8.0_151-b12), built on Sep  5 2017 19:33:46 by "java_re" with MS VC++ 10.0 (VS2010)

time: Sat Jul 25 17:26:03 2020
elapsed time: 12 seconds (0d 0h 0m 12s)

